error level 3...
genetic algo iteration 1...
genetic algo iteration 2...
genetic algo iteration 3...
genetic algo iteration 4...
genetic algo iteration 5...
genetic algo iteration 6...
genetic algo iteration 7...
genetic algo iteration 8...
genetic algo iteration 9...
genetic algo iteration 10...
genetic algorithm finished
statistic guarantee start
****** Final Test start ******
pass - testInput[11]
pass - testInput[12]
pass - testInput[13]
pass - testInput[14]
pass - testInput[15]
pass - testInput[16]
pass - testInput[17]
pass - testInput[18]
pass - testInput[19]
pass - testInput[20]
pass - testInput[21]
pass - testInput[22]
pass - testInput[23]
pass - testInput[24]
pass - testInput[25]
pass - testInput[26]
pass - testInput[27]
pass - testInput[28]
pass - testInput[29]
pass - testInput[30]
pass - testInput[31]
pass - testInput[32]
pass - testInput[33]
pass - testInput[34]
pass - testInput[35]
pass - testInput[36]
pass - testInput[37]
pass - testInput[38]
pass - testInput[39]
pass - testInput[40]
pass - testInput[41]
pass - testInput[42]
pass - testInput[43]
pass - testInput[44]
pass - testInput[45]
pass - testInput[46]
pass - testInput[47]
pass - testInput[48]
pass - testInput[49]
pass - testInput[50]
pass - testInput[51]
pass - testInput[52]
pass - testInput[53]
pass - testInput[54]
pass - testInput[55]
pass - testInput[56]
pass - testInput[57]
pass - testInput[58]
pass - testInput[59]
pass - testInput[60]
pass - testInput[61]
pass - testInput[62]
pass - testInput[63]
pass - testInput[64]
pass - testInput[65]
pass - testInput[66]
pass - testInput[67]
pass - testInput[68]
pass - testInput[69]
pass - testInput[70]
pass - testInput[71]
pass - testInput[72]
pass - testInput[73]
pass - testInput[74]
pass - testInput[75]
pass - testInput[76]
pass - testInput[77]
pass - testInput[78]
pass - testInput[79]
pass - testInput[80]
pass - testInput[81]
pass - testInput[82]
pass - testInput[83]
pass - testInput[84]
pass - testInput[85]
pass - testInput[86]
pass - testInput[87]
pass - testInput[88]
pass - testInput[89]
pass - testInput[90]
pass - testInput[91]
pass - testInput[92]
pass - testInput[93]
pass - testInput[94]
pass - testInput[95]
pass - testInput[96]
pass - testInput[97]
pass - testInput[98]
pass - testInput[99]
pass - testInput[100]
****** Final Test end ******
statistic guarantee end
sobel: 
error_high: ['000101000001010111011010110100010100100101101010001101101000011011110111110100001110010110101011010', 50, 9.95828, 87.74433330000001, 48.851306650000005]
