Buildfile: /Users/jspark/projects/r2.code/chord/extra/build.xml

run:

run:
     [java] Redirecting stdout to file: /Users/jspark/projects/r2.large-benchmarks/boofcv/examples/chord_output/log.txt
     [java] Redirecting stderr to file: /Users/jspark/projects/r2.large-benchmarks/boofcv/examples/chord_output/log.txt

BUILD SUCCESSFUL
Total time: 2 minutes 18 seconds
=============Processing: /Users/jspark/projects/r2.large-benchmarks/boofcv/examples/chord_output/ouptut.txt=============
/Users/jspark/projects/jdk/java/io/PrintStream.java 1129
/Users/jspark/projects/jdk/java/lang/Throwable.java 1080
/Users/jspark/projects/jdk/javax/swing/plaf/metal/MetalTheme.java 485
/Users/jspark/projects/jdk/java/nio/charset/UnmappableCharacterException.java 57
/Users/jspark/projects/jdk/java/text/Bidi.java 328
/Users/jspark/projects/jdk/javax/imageio/stream/FileImageInputStream.java 164
/Users/jspark/projects/jdk/java/security/cert/CRLException.java 88
/Users/jspark/projects/jdk/java/io/InputStreamReader.java 201
/Users/jspark/projects/jdk/java/awt/event/KeyAdapter.java 69
[sun/awt/dnd/SunDropTargetEvent.java] is excluded
[sun/awt/dnd/SunDropTargetEvent.java] is excluded
miss: sun/awt/dnd/SunDropTargetEvent.java
/Users/jspark/projects/jdk/java/text/DecimalFormatSymbols.java 837
[sun/swing/SwingUtilities2.java] is excluded
[sun/swing/SwingUtilities2.java] is excluded
miss: sun/swing/SwingUtilities2.java
[com/sun/imageio/plugins/png/PNGImageReader.java] is excluded
[com/sun/imageio/plugins/png/PNGImageReader.java] is excluded
miss: com/sun/imageio/plugins/png/PNGImageReader.java
/Users/jspark/projects/jdk/javax/imageio/spi/ServiceRegistry.java 835
/Users/jspark/projects/jdk/java/nio/charset/Charset.java 923
/Users/jspark/projects/jdk/java/beans/PropertyChangeEvent.java 164
[sun/text/normalizer/UCharacter.java] is excluded
[sun/text/normalizer/UCharacter.java] is excluded
miss: sun/text/normalizer/UCharacter.java
[sun/java2d/pipe/hw/ExtendedBufferCapabilities.java] is excluded
[sun/java2d/pipe/hw/ExtendedBufferCapabilities.java] is excluded
miss: sun/java2d/pipe/hw/ExtendedBufferCapabilities.java
/Users/jspark/projects/jdk/javax/swing/InternalFrameFocusTraversalPolicy.java 68
/Users/jspark/projects/jdk/java/lang/ReflectiveOperationException.java 91
[sun/security/util/PropertyExpander.java] is excluded
[sun/security/util/PropertyExpander.java] is excluded
miss: sun/security/util/PropertyExpander.java
../main/ip/src//boofcv/struct/wavelet/WlCoef.java 44
/Users/jspark/projects/jdk/java/io/FileDescriptor.java 180
[com/sun/imageio/spi/RAFImageInputStreamSpi.java] is excluded
[com/sun/imageio/spi/RAFImageInputStreamSpi.java] is excluded
miss: com/sun/imageio/spi/RAFImageInputStreamSpi.java
/Users/jspark/projects/jdk/java/util/JapaneseImperialCalendar.java 2383
[sun/util/logging/PlatformLogger.java] is excluded
[sun/util/logging/PlatformLogger.java] is excluded
miss: sun/util/logging/PlatformLogger.java
/Users/jspark/projects/jdk/java/util/UnknownFormatFlagsException.java 68
[sun/reflect/Reflection.java] is excluded
[sun/reflect/Reflection.java] is excluded
miss: sun/reflect/Reflection.java
/Users/jspark/projects/jdk/java/awt/image/DataBufferShort.java 283
/Users/jspark/projects/jdk/java/text/AttributedString.java 1120
/Users/jspark/projects/jdk/java/net/UnknownHostException.java 56
/Users/jspark/projects/jdk/java/util/AbstractQueue.java 192
[sun/text/normalizer/UCharacterIterator.java] is excluded
[sun/text/normalizer/UCharacterIterator.java] is excluded
miss: sun/text/normalizer/UCharacterIterator.java
/Users/jspark/projects/jdk/javax/swing/UnsupportedLookAndFeelException.java 51
/Users/jspark/projects/jdk/java/lang/Exception.java 124
../main/ip/src//boofcv/struct/image/ImageFloat64.java 131
/Users/jspark/projects/jdk/java/awt/DefaultFocusTraversalPolicy.java 128
[com/sun/imageio/plugins/jpeg/DRIMarkerSegment.java] is excluded
[com/sun/imageio/plugins/jpeg/DRIMarkerSegment.java] is excluded
miss: com/sun/imageio/plugins/jpeg/DRIMarkerSegment.java
/Users/jspark/projects/jdk/java/text/DontCareFieldPosition.java 53
/Users/jspark/projects/jdk/java/util/IllegalFormatWidthException.java 62
/Users/jspark/projects/jdk/java/lang/Boolean.java 282
[sun/misc/CharacterDecoder.java] is excluded
[sun/misc/CharacterDecoder.java] is excluded
miss: sun/misc/CharacterDecoder.java
/Users/jspark/projects/jdk/java/io/StringWriter.java 236
/Users/jspark/projects/jdk/java/security/Permission.java 231
/Users/jspark/projects/jdk/javax/imageio/spi/ImageReaderSpi.java 413
[sun/security/provider/X509Factory.java] is excluded
[sun/security/provider/X509Factory.java] is excluded
miss: sun/security/provider/X509Factory.java
[sun/util/logging/LoggingSupport.java] is excluded
[sun/util/logging/LoggingSupport.java] is excluded
miss: sun/util/logging/LoggingSupport.java
/Users/jspark/projects/jdk/java/security/SecureRandomSpi.java 74
[sun/util/locale/InternalLocaleBuilder.java] is excluded
[sun/util/locale/InternalLocaleBuilder.java] is excluded
miss: sun/util/locale/InternalLocaleBuilder.java
/Users/jspark/projects/jdk/java/awt/event/KeyEvent.java 1686
/Users/jspark/projects/jdk/java/security/AccessControlContext.java 598
../main/ip/src//boofcv/core/image/border/BorderType.java 60
/Users/jspark/projects/jdk/javax/swing/plaf/metal/DefaultMetalTheme.java 433
[sun/util/locale/LocaleUtils.java] is excluded
[sun/util/locale/LocaleUtils.java] is excluded
miss: sun/util/locale/LocaleUtils.java
/Users/jspark/projects/jdk/java/net/MalformedURLException.java 56
[com/sun/imageio/plugins/bmp/BMPMetadata.java] is excluded
[com/sun/imageio/plugins/bmp/BMPMetadata.java] is excluded
miss: com/sun/imageio/plugins/bmp/BMPMetadata.java
[sun/awt/SunHints.java] is excluded
[sun/awt/SunHints.java] is excluded
miss: sun/awt/SunHints.java
/Users/jspark/projects/jdk/java/security/AccessController.java 562
/Users/jspark/projects/jdk/java/io/FileReader.java 85
[sun/security/x509/X509CRLImpl.java] is excluded
[sun/security/x509/X509CRLImpl.java] is excluded
miss: sun/security/x509/X509CRLImpl.java
/Users/jspark/projects/jdk/java/io/PrintWriter.java 1066
/Users/jspark/projects/jdk/java/security/SecureClassLoader.java 227
/Users/jspark/projects/jdk/java/beans/PropertyChangeSupport.java 546
/Users/jspark/projects/jdk/java/nio/Buffer.java 562
[sun/font/ExtendedTextSourceLabel.java] is excluded
[sun/font/ExtendedTextSourceLabel.java] is excluded
miss: sun/font/ExtendedTextSourceLabel.java
../main/ip/src//boofcv/struct/wavelet/WlBorderCoefFixed.java 93
/Users/jspark/projects/jdk/javax/crypto/NoSuchPaddingException.java 61
/Users/jspark/projects/jdk/java/text/CalendarBuilder.java 170
/Users/jspark/projects/jdk/java/awt/AWTException.java 51
[sun/security/x509/CertificateSerialNumber.java] is excluded
[sun/security/x509/CertificateSerialNumber.java] is excluded
miss: sun/security/x509/CertificateSerialNumber.java
/Users/jspark/projects/jdk/java/io/OutputStreamWriter.java 235
[com/sun/imageio/plugins/common/ImageUtil.java] is excluded
[com/sun/imageio/plugins/common/ImageUtil.java] is excluded
miss: com/sun/imageio/plugins/common/ImageUtil.java
/Users/jspark/projects/jdk/java/security/cert/CertPathBuilder.java 304
[sun/font/TextLabelFactory.java] is excluded
[sun/font/TextLabelFactory.java] is excluded
miss: sun/font/TextLabelFactory.java
[com/sun/imageio/plugins/common/I18NImpl.java] is excluded
[com/sun/imageio/plugins/common/I18NImpl.java] is excluded
miss: com/sun/imageio/plugins/common/I18NImpl.java
/Users/jspark/projects/jdk/java/nio/charset/MalformedInputException.java 57
/Users/jspark/projects/jdk/javax/imageio/ImageReadParam.java 508
[sun/awt/image/ShortComponentRaster.java] is excluded
[sun/awt/image/ShortComponentRaster.java] is excluded
miss: sun/awt/image/ShortComponentRaster.java
[sun/util/calendar/ZoneInfoFile.java] is excluded
[sun/util/calendar/ZoneInfoFile.java] is excluded
miss: sun/util/calendar/ZoneInfoFile.java
[sun/text/normalizer/UCharacterPropertyReader.java] is excluded
[sun/text/normalizer/UCharacterPropertyReader.java] is excluded
miss: sun/text/normalizer/UCharacterPropertyReader.java
/Users/jspark/projects/jdk/java/lang/UnsatisfiedLinkError.java 56
[sun/security/util/ManifestDigester.java] is excluded
[sun/security/util/ManifestDigester.java] is excluded
miss: sun/security/util/ManifestDigester.java
[sun/security/provider/certpath/UntrustedChecker.java] is excluded
miss: sun/security/provider/certpath/UntrustedChecker.java
[sun/awt/im/InputMethodLocator.java] is excluded
[sun/awt/im/InputMethodLocator.java] is excluded
miss: sun/awt/im/InputMethodLocator.java
[sun/security/provider/SecureRandom.java] is excluded
[sun/security/provider/SecureRandom.java] is excluded
miss: sun/security/provider/SecureRandom.java
/Users/jspark/projects/jdk/java/awt/image/DataBufferUShort.java 318
/Users/jspark/projects/jdk/java/util/AbstractMap.java 822
/Users/jspark/projects/jdk/java/util/LinkedHashSet.java 171
/Users/jspark/projects/jdk/java/nio/charset/CharsetDecoder.java 972
[sun/security/provider/NativeSeedGenerator.java] is excluded
miss: sun/security/provider/NativeSeedGenerator.java
/Users/jspark/projects/jdk/java/util/concurrent/locks/AbstractOwnableSynchronizer.java 86
/Users/jspark/projects/jdk/javax/imageio/ImageReader.java 2898
[sun/security/x509/GeneralSubtree.java] is excluded
[sun/security/x509/GeneralSubtree.java] is excluded
miss: sun/security/x509/GeneralSubtree.java
../main/ip/src//boofcv/alg/denoise/wavelet/SubbandShrink.java 92
[sun/util/calendar/BaseCalendar.java] is excluded
[sun/util/calendar/BaseCalendar.java] is excluded
miss: sun/util/calendar/BaseCalendar.java
[sun/security/util/DisabledAlgorithmConstraints.java] is excluded
[sun/security/util/DisabledAlgorithmConstraints.java] is excluded
miss: sun/security/util/DisabledAlgorithmConstraints.java
/Users/jspark/projects/jdk/java/nio/charset/IllegalCharsetNameException.java 68
/Users/jspark/projects/jdk/java/security/InvalidKeyException.java 89
/Users/jspark/projects/jdk/java/util/ServiceConfigurationError.java 87
[sun/text/CompactByteArray.java] is excluded
[sun/text/CompactByteArray.java] is excluded
miss: sun/text/CompactByteArray.java
/Users/jspark/projects/jdk/java/security/cert/X509Certificate.java 649
[sun/text/bidi/BidiBase.java] is excluded
[sun/text/bidi/BidiBase.java] is excluded
miss: sun/text/bidi/BidiBase.java
[sun/text/normalizer/UTF16.java] is excluded
[sun/text/normalizer/UTF16.java] is excluded
miss: sun/text/normalizer/UTF16.java
/Users/jspark/projects/jdk/java/lang/RuntimeException.java 119
[sun/misc/IOUtils.java] is excluded
[sun/misc/IOUtils.java] is excluded
miss: sun/misc/IOUtils.java
/Users/jspark/projects/jdk/java/lang/ClassNotFoundException.java 125
/Users/jspark/projects/jdk/java/net/NetPermission.java 205
[sun/security/x509/GeneralSubtrees.java] is excluded
[sun/security/x509/GeneralSubtrees.java] is excluded
miss: sun/security/x509/GeneralSubtrees.java
/Users/jspark/projects/jdk/java/security/cert/PKIXCertPathChecker.java 181
/Users/jspark/projects/jdk/java/security/cert/X509CRL.java 443
[sun/misc/FpUtils.java] is excluded
[sun/misc/FpUtils.java] is excluded
miss: sun/misc/FpUtils.java
../main/ip/src//boofcv/core/image/ConvertBufferedImage.java 761
/Users/jspark/projects/jdk/java/util/concurrent/atomic/AtomicReferenceFieldUpdater.java 304
/Users/jspark/projects/jdk/java/lang/SecurityException.java 84
/Users/jspark/projects/jdk/java/security/cert/CollectionCertStoreParameters.java 141
/Users/jspark/projects/jdk/java/lang/reflect/InvocationTargetException.java 111
/Users/jspark/projects/jdk/java/awt/geom/Line2D.java 1128
[sun/awt/im/InputMethodJFrame.java] is excluded
[sun/awt/im/InputMethodJFrame.java] is excluded
miss: sun/awt/im/InputMethodJFrame.java
/Users/jspark/projects/jdk/javax/swing/LayoutComparator.java 159
/Users/jspark/projects/jdk/java/io/EOFException.java 65
[sun/text/normalizer/UBiDiProps.java] is excluded
[sun/text/normalizer/UBiDiProps.java] is excluded
miss: sun/text/normalizer/UBiDiProps.java
/Users/jspark/projects/jdk/java/lang/StringBuffer.java 605
[sun/misc/CEStreamExhausted.java] is excluded
[sun/misc/CEStreamExhausted.java] is excluded
miss: sun/misc/CEStreamExhausted.java
/Users/jspark/projects/jdk/java/nio/charset/CharacterCodingException.java 51
[com/sun/imageio/plugins/jpeg/JPEGImageWriterSpi.java] is excluded
[com/sun/imageio/plugins/jpeg/JPEGImageWriterSpi.java] is excluded
miss: com/sun/imageio/plugins/jpeg/JPEGImageWriterSpi.java
/Users/jspark/projects/jdk/java/awt/Frame.java 1323
[sun/security/pkcs/ContentInfo.java] is excluded
[sun/security/pkcs/ContentInfo.java] is excluded
miss: sun/security/pkcs/ContentInfo.java
/Users/jspark/projects/jdk/java/awt/AlphaComposite.java 805
../main/ip/src//boofcv/alg/transform/wavelet/UtilWavelet.java 405
[sun/nio/cs/StreamEncoder.java] is excluded
[sun/nio/cs/StreamEncoder.java] is excluded
miss: sun/nio/cs/StreamEncoder.java
/Users/jspark/projects/jdk/java/text/MessageFormat.java 1594
[sun/swing/StringUIClientPropertyKey.java] is excluded
[sun/swing/StringUIClientPropertyKey.java] is excluded
miss: sun/swing/StringUIClientPropertyKey.java
/Users/jspark/projects/jdk/java/security/cert/CertificateEncodingException.java 88
/Users/jspark/projects/jdk/java/io/PushbackInputStream.java 383
/Users/jspark/projects/jdk/java/lang/VirtualMachineError.java 54
/Users/jspark/projects/jdk/java/security/SecureRandom.java 581
[sun/font/TextSource.java] is excluded
[sun/font/TextSource.java] is excluded
miss: sun/font/TextSource.java
/Users/jspark/projects/jdk/java/nio/BufferUnderflowException.java 51
[com/sun/imageio/plugins/jpeg/JPEGBuffer.java] is excluded
[com/sun/imageio/plugins/jpeg/JPEGBuffer.java] is excluded
miss: com/sun/imageio/plugins/jpeg/JPEGBuffer.java
/Users/jspark/projects/jdk/java/io/FileInputStream.java 408
[sun/security/x509/DNSName.java] is excluded
[sun/security/x509/DNSName.java] is excluded
miss: sun/security/x509/DNSName.java
[sun/util/TimeZoneNameUtility.java] is excluded
[sun/util/TimeZoneNameUtility.java] is excluded
miss: sun/util/TimeZoneNameUtility.java
[sun/util/CoreResourceBundleControl.java] is excluded
miss: sun/util/CoreResourceBundleControl.java
/Users/jspark/projects/jdk/java/lang/CharacterData00.java 1460
[com/sun/imageio/plugins/gif/GIFImageMetadata.java] is excluded
[com/sun/imageio/plugins/gif/GIFImageMetadata.java] is excluded
miss: com/sun/imageio/plugins/gif/GIFImageMetadata.java
/Users/jspark/projects/jdk/java/security/cert/CertificateParsingException.java 89
[sun/awt/image/IntegerInterleavedRaster.java] is excluded
[sun/awt/image/IntegerInterleavedRaster.java] is excluded
miss: sun/awt/image/IntegerInterleavedRaster.java
[sun/font/GlyphLayout.java] is excluded
[sun/font/GlyphLayout.java] is excluded
miss: sun/font/GlyphLayout.java
[sun/misc/Hashing.java] is excluded
miss: sun/misc/Hashing.java
/Users/jspark/projects/jdk/java/awt/Graphics.java 1256
/Users/jspark/projects/jdk/java/util/Locale.java 2560
/Users/jspark/projects/jdk/java/lang/IllegalStateException.java 97
/Users/jspark/projects/jdk/java/security/cert/CertificateException.java 88
/Users/jspark/projects/jdk/javax/swing/plaf/InsetsUIResource.java 55
/Users/jspark/projects/jdk/javax/swing/plaf/FontUIResource.java 59
/Users/jspark/projects/jdk/java/awt/color/ICC_ProfileGray.java 150
/Users/jspark/projects/jdk/java/util/MissingFormatWidthException.java 68
/Users/jspark/projects/jdk/java/awt/color/ICC_Profile.java 2073
[sun/awt/EventQueueItem.java] is excluded
[sun/awt/EventQueueItem.java] is excluded
miss: sun/awt/EventQueueItem.java
/Users/jspark/projects/jdk/java/lang/ClassCastException.java 60
/Users/jspark/projects/jdk/java/net/Inet4Address.java 374
/Users/jspark/projects/jdk/java/security/cert/Certificate.java 274
[sun/security/jca/ProviderList.java] is excluded
[sun/security/jca/ProviderList.java] is excluded
miss: sun/security/jca/ProviderList.java
[sun/text/normalizer/TrieIterator.java] is excluded
[sun/text/normalizer/TrieIterator.java] is excluded
miss: sun/text/normalizer/TrieIterator.java
/Users/jspark/projects/jdk/java/lang/NumberFormatException.java 67
[sun/text/normalizer/ICUData.java] is excluded
[sun/text/normalizer/ICUData.java] is excluded
miss: sun/text/normalizer/ICUData.java
/Users/jspark/projects/jdk/java/security/MessageDigestSpi.java 206
/Users/jspark/projects/jdk/java/lang/ref/ReferenceQueue.java 154
/Users/jspark/projects/jdk/java/io/FileNotFoundException.java 82
/Users/jspark/projects/jdk/javax/swing/DebugGraphics.java 1468
/Users/jspark/projects/jdk/java/util/EmptyStackException.java 46
[sun/font/ScriptRunData.java] is excluded
[sun/font/ScriptRunData.java] is excluded
miss: sun/font/ScriptRunData.java
[sun/util/LocaleDataMetaInfo.java] is excluded
miss: sun/util/LocaleDataMetaInfo.java
[sun/misc/Perf.java] is excluded
[sun/misc/Perf.java] is excluded
miss: sun/misc/Perf.java
../main/ip/src//boofcv/alg/InputSanityCheck.java 123
[sun/nio/cs/StreamDecoder.java] is excluded
[sun/nio/cs/StreamDecoder.java] is excluded
miss: sun/nio/cs/StreamDecoder.java
/Users/jspark/projects/jdk/javax/swing/plaf/BorderUIResource.java 251
[sun/security/validator/SimpleValidator.java] is excluded
[sun/security/validator/SimpleValidator.java] is excluded
miss: sun/security/validator/SimpleValidator.java
/Users/jspark/projects/jdk/java/awt/image/DataBufferInt.java 284
/Users/jspark/projects/jdk/javax/swing/LookAndFeel.java 729
/Users/jspark/projects/jdk/javax/swing/KeyStroke.java 316
[com/sun/imageio/spi/FileImageOutputStreamSpi.java] is excluded
[com/sun/imageio/spi/FileImageOutputStreamSpi.java] is excluded
miss: com/sun/imageio/spi/FileImageOutputStreamSpi.java
[sun/util/PreHashedMap.java] is excluded
[sun/util/PreHashedMap.java] is excluded
miss: sun/util/PreHashedMap.java
/Users/jspark/projects/jdk/java/awt/ComponentOrientation.java 202
/Users/jspark/projects/jdk/java/security/Provider.java 1479
[sun/misc/ServiceConfigurationError.java] is excluded
[sun/misc/ServiceConfigurationError.java] is excluded
miss: sun/misc/ServiceConfigurationError.java
/Users/jspark/projects/jdk/javax/swing/InputMap.java 231
/Users/jspark/projects/jdk/java/util/regex/UnicodeProp.java 236
/Users/jspark/projects/jdk/java/util/jar/JarEntry.java 128
/Users/jspark/projects/jdk/java/lang/Compiler.java 136
/Users/jspark/projects/jdk/java/awt/DefaultKeyboardFocusManager.java 1368
/Users/jspark/projects/jdk/java/lang/OutOfMemoryError.java 60
[sun/security/jca/ServiceId.java] is excluded
[sun/security/jca/ServiceId.java] is excluded
miss: sun/security/jca/ServiceId.java
/Users/jspark/projects/jdk/java/text/Format.java 406
/Users/jspark/projects/jdk/java/text/ParsePosition.java 139
[sun/security/util/DerOutputStream.java] is excluded
[sun/security/util/DerOutputStream.java] is excluded
miss: sun/security/util/DerOutputStream.java
/Users/jspark/projects/jdk/java/net/Inet6Address.java 774
/Users/jspark/projects/jdk/java/security/cert/X509CRLEntry.java 191
/Users/jspark/projects/jdk/java/util/spi/LocaleServiceProvider.java 138
/Users/jspark/projects/jdk/java/util/jar/JarFile.java 736
/Users/jspark/projects/jdk/java/awt/color/CMMException.java 57
/Users/jspark/projects/jdk/java/util/MissingResourceException.java 124
[sun/security/pkcs/SignerInfo.java] is excluded
[sun/security/pkcs/SignerInfo.java] is excluded
miss: sun/security/pkcs/SignerInfo.java
/Users/jspark/projects/jdk/java/security/SecurityPermission.java 331
/Users/jspark/projects/jdk/java/util/jar/JarVerifier.java 882
/Users/jspark/projects/jdk/java/awt/KeyboardFocusManager.java 3062
/Users/jspark/projects/jdk/javax/imageio/ImageIO.java 1619
/Users/jspark/projects/jdk/java/awt/event/InvocationEvent.java 351
/Users/jspark/projects/jdk/javax/swing/border/CompoundBorder.java 168
/Users/jspark/projects/jdk/java/util/TreeMap.java 2442
/Users/jspark/projects/jdk/java/text/BreakIterator.java 715
/Users/jspark/projects/jdk/java/awt/geom/RectangularShape.java 397
/Users/jspark/projects/jdk/javax/swing/border/LineBorder.java 191
/Users/jspark/projects/jdk/java/nio/charset/CoderResult.java 284
/Users/jspark/projects/jdk/java/text/CharacterIteratorFieldDelegate.java 124
/Users/jspark/projects/jdk/javax/swing/DebugGraphicsFilter.java 46
[sun/awt/image/SunWritableRaster.java] is excluded
[sun/awt/image/SunWritableRaster.java] is excluded
miss: sun/awt/image/SunWritableRaster.java
/Users/jspark/projects/jdk/java/awt/event/MouseMotionAdapter.java 71
/Users/jspark/projects/jdk/java/awt/event/WindowAdapter.java 117
/Users/jspark/projects/jdk/javax/swing/DefaultListSelectionModel.java 849
[com/sun/imageio/plugins/gif/GIFImageWriterSpi.java] is excluded
[com/sun/imageio/plugins/gif/GIFImageWriterSpi.java] is excluded
miss: com/sun/imageio/plugins/gif/GIFImageWriterSpi.java
[sun/font/AttributeMap.java] is excluded
[sun/font/AttributeMap.java] is excluded
miss: sun/font/AttributeMap.java
/Users/jspark/projects/jdk/java/io/FileSystem.java 252
[com/sun/imageio/plugins/bmp/BMPImageWriterSpi.java] is excluded
[com/sun/imageio/plugins/bmp/BMPImageWriterSpi.java] is excluded
miss: com/sun/imageio/plugins/bmp/BMPImageWriterSpi.java
[sun/swing/DefaultLookup.java] is excluded
[sun/swing/DefaultLookup.java] is excluded
miss: sun/swing/DefaultLookup.java
/Users/jspark/projects/jdk/java/awt/image/BufferedImage.java 1609
/Users/jspark/projects/jdk/java/util/TimSort.java 928
/Users/jspark/projects/jdk/java/nio/StringCharBuffer.java 124
/Users/jspark/projects/jdk/java/awt/BasicStroke.java 445
[sun/nio/fs/DefaultFileSystemProvider.java] is excluded
miss: sun/nio/fs/DefaultFileSystemProvider.java
[sun/reflect/ReflectionFactory.java] is excluded
[sun/reflect/ReflectionFactory.java] is excluded
miss: sun/reflect/ReflectionFactory.java
[sun/awt/AppContext.java] is excluded
[sun/awt/AppContext.java] is excluded
miss: sun/awt/AppContext.java
/Users/jspark/projects/jdk/java/util/regex/ASCII.java 274
[sun/security/validator/PKIXValidator.java] is excluded
[sun/security/validator/PKIXValidator.java] is excluded
miss: sun/security/validator/PKIXValidator.java
[sun/nio/cs/ThreadLocalCoders.java] is excluded
[sun/nio/cs/ThreadLocalCoders.java] is excluded
miss: sun/nio/cs/ThreadLocalCoders.java
[sun/text/normalizer/Trie.java] is excluded
[sun/text/normalizer/Trie.java] is excluded
miss: sun/text/normalizer/Trie.java
/Users/jspark/projects/jdk/java/util/WeakHashMap.java 1068
[sun/awt/OSInfo.java] is excluded
[sun/awt/OSInfo.java] is excluded
miss: sun/awt/OSInfo.java
/Users/jspark/projects/jdk/java/lang/NoClassDefFoundError.java 61
/Users/jspark/projects/jdk/java/nio/file/Files.java 3126
/Users/jspark/projects/jdk/javax/crypto/ExemptionMechanism.java 486
/Users/jspark/projects/jdk/java/awt/event/NativeLibLoader.java 59
/Users/jspark/projects/jdk/java/awt/AWTKeyStroke.java 892
[com/sun/java/swing/SwingUtilities3.java] is excluded
[com/sun/java/swing/SwingUtilities3.java] is excluded
miss: com/sun/java/swing/SwingUtilities3.java
[sun/java2d/StateTrackableDelegate.java] is excluded
[sun/java2d/StateTrackableDelegate.java] is excluded
miss: sun/java2d/StateTrackableDelegate.java
[sun/text/normalizer/CharTrie.java] is excluded
[sun/text/normalizer/CharTrie.java] is excluded
miss: sun/text/normalizer/CharTrie.java
/Users/jspark/projects/jdk/java/lang/CharacterData01.java 654
/Users/jspark/projects/jdk/java/lang/StringIndexOutOfBoundsException.java 71
/Users/jspark/projects/jdk/javax/swing/JList.java 3735
[sun/security/util/ByteArrayLexOrder.java] is excluded
[sun/security/util/ByteArrayLexOrder.java] is excluded
miss: sun/security/util/ByteArrayLexOrder.java
/Users/jspark/projects/jdk/javax/imageio/spi/DigraphNode.java 161
/Users/jspark/projects/jdk/java/awt/image/WritableRaster.java 741
/Users/jspark/projects/jdk/java/io/SequenceInputStream.java 235
/Users/jspark/projects/jdk/java/awt/event/ComponentEvent.java 165
/Users/jspark/projects/jdk/java/awt/event/FocusEvent.java 249
[sun/awt/image/ShortInterleavedRaster.java] is excluded
[sun/awt/image/ShortInterleavedRaster.java] is excluded
miss: sun/awt/image/ShortInterleavedRaster.java
/Users/jspark/projects/jdk/java/awt/Panel.java 133
/Users/jspark/projects/jdk/java/awt/color/ICC_ProfileRGB.java 282
/Users/jspark/projects/jdk/java/security/InvalidParameterException.java 59
/Users/jspark/projects/jdk/javax/swing/SortingFocusTraversalPolicy.java 596
/Users/jspark/projects/jdk/javax/crypto/JarVerifier.java 157
[sun/awt/EmbeddedFrame.java] is excluded
[sun/awt/EmbeddedFrame.java] is excluded
miss: sun/awt/EmbeddedFrame.java
[sun/misc/HexDumpEncoder.java] is excluded
[sun/misc/HexDumpEncoder.java] is excluded
miss: sun/misc/HexDumpEncoder.java
/Users/jspark/projects/jdk/javax/imageio/IIOParam.java 676
[sun/security/x509/RDN.java] is excluded
[sun/security/x509/RDN.java] is excluded
miss: sun/security/x509/RDN.java
/Users/jspark/projects/jdk/java/awt/geom/Dimension2D.java 114
/Users/jspark/projects/jdk/java/lang/Thread.java 2036
/Users/jspark/projects/jdk/java/util/Objects.java 229
/Users/jspark/projects/jdk/javax/swing/plaf/basic/BasicLookAndFeel.java 2323
/Users/jspark/projects/jdk/java/security/cert/PKIXParameters.java 736
/Users/jspark/projects/jdk/java/util/zip/ZipError.java 44
[sun/util/locale/UnicodeLocaleExtension.java] is excluded
[sun/util/locale/UnicodeLocaleExtension.java] is excluded
miss: sun/util/locale/UnicodeLocaleExtension.java
/Users/jspark/projects/jdk/java/awt/SplashScreen.java 400
/Users/jspark/projects/jdk/java/util/Date.java 1331
/Users/jspark/projects/jdk/javax/swing/event/EventListenerList.java 290
/Users/jspark/projects/jdk/javax/swing/ViewportLayout.java 202
[sun/misc/FileURLMapper.java] is excluded
miss: sun/misc/FileURLMapper.java
/Users/jspark/projects/jdk/java/awt/GraphicsEnvironment.java 462
[sun/awt/image/ByteComponentRaster.java] is excluded
[sun/awt/image/ByteComponentRaster.java] is excluded
miss: sun/awt/image/ByteComponentRaster.java
[sun/misc/ExtensionDependency.java] is excluded
[sun/misc/ExtensionDependency.java] is excluded
miss: sun/misc/ExtensionDependency.java
[sun/text/normalizer/ICUBinary.java] is excluded
[sun/text/normalizer/ICUBinary.java] is excluded
miss: sun/text/normalizer/ICUBinary.java
/Users/jspark/projects/jdk/java/util/MissingFormatArgumentException.java 70
/Users/jspark/projects/jdk/java/util/NoSuchElementException.java 60
/Users/jspark/projects/jdk/java/security/spec/EncodedKeySpec.java 85
/Users/jspark/projects/jdk/java/awt/RenderingHints.java 1300
/Users/jspark/projects/jdk/java/nio/ByteBuffer.java 2038
/Users/jspark/projects/jdk/javax/crypto/CryptoPolicyParser.java 707
[sun/util/calendar/ZoneInfo.java] is excluded
[sun/util/calendar/ZoneInfo.java] is excluded
miss: sun/util/calendar/ZoneInfo.java
[sun/misc/Resource.java] is excluded
[sun/misc/Resource.java] is excluded
miss: sun/misc/Resource.java
[sun/security/x509/UniqueIdentity.java] is excluded
[sun/security/x509/UniqueIdentity.java] is excluded
miss: sun/security/x509/UniqueIdentity.java
[sun/awt/AWTAutoShutdown.java] is excluded
[sun/awt/AWTAutoShutdown.java] is excluded
miss: sun/awt/AWTAutoShutdown.java
../main/ip/src//boofcv/struct/wavelet/WaveletDescription.java 65
/Users/jspark/projects/jdk/java/awt/AttributeValue.java 56
/Users/jspark/projects/jdk/java/security/CryptoPrimitive.java 83
../main/ip/src//boofcv/alg/transform/wavelet/impl/ImplWaveletTransformNaive.java 537
/Users/jspark/projects/jdk/java/text/DecimalFormat.java 3278
/Users/jspark/projects/jdk/javax/swing/RepaintManager.java 1631
[sun/misc/BASE64Decoder.java] is excluded
[sun/misc/BASE64Decoder.java] is excluded
miss: sun/misc/BASE64Decoder.java
/Users/jspark/projects/jdk/java/lang/AssertionError.java 167
/Users/jspark/projects/jdk/java/security/ProtectionDomain.java 467
/Users/jspark/projects/jdk/javax/swing/ImageIcon.java 703
/Users/jspark/projects/jdk/java/util/FormatFlagsConversionMismatchException.java 84
/Users/jspark/projects/jdk/javax/swing/DebugGraphicsInfo.java 71
[sun/misc/Unsafe.java] is excluded
[sun/misc/Unsafe.java] is excluded
miss: sun/misc/Unsafe.java
[sun/security/provider/SeedGenerator.java] is excluded
[sun/security/provider/SeedGenerator.java] is excluded
miss: sun/security/provider/SeedGenerator.java
/Users/jspark/projects/jdk/java/nio/HeapCharBuffer.java 595
../main/ip/src//boofcv/struct/image/ImageDataType.java 314
/Users/jspark/projects/jdk/javax/swing/TimerQueue.java 298
/Users/jspark/projects/jdk/java/awt/SentEvent.java 91
/Users/jspark/projects/jdk/java/util/zip/ZipCoder.java 159
[sun/swing/PrintColorUIResource.java] is excluded
[sun/swing/PrintColorUIResource.java] is excluded
miss: sun/swing/PrintColorUIResource.java
/Users/jspark/projects/jdk/java/awt/font/LayoutPath.java 84
[sun/security/x509/AVA.java] is excluded
[sun/security/x509/AVA.java] is excluded
miss: sun/security/x509/AVA.java
/Users/jspark/projects/jdk/java/awt/EventQueue.java 1294
[sun/font/Underline.java] is excluded
[sun/font/Underline.java] is excluded
miss: sun/font/Underline.java
[sun/java2d/pipe/Region.java] is excluded
[sun/java2d/pipe/Region.java] is excluded
miss: sun/java2d/pipe/Region.java
../main/ip/src//boofcv/abst/denoise/WaveletDenoiseFilter.java 97
/Users/jspark/projects/jdk/javax/imageio/IIOException.java 73
/Users/jspark/projects/jdk/java/security/cert/CertificateExpiredException.java 59
/Users/jspark/projects/jdk/java/util/Vector.java 1212
/Users/jspark/projects/jdk/java/lang/InterruptedException.java 69
[sun/misc/FloatingDecimal.java] is excluded
[sun/misc/FloatingDecimal.java] is excluded
miss: sun/misc/FloatingDecimal.java
/Users/jspark/projects/jdk/java/awt/font/StyledParagraph.java 492
[sun/java2d/cmm/ProfileDeferralInfo.java] is excluded
[sun/java2d/cmm/ProfileDeferralInfo.java] is excluded
miss: sun/java2d/cmm/ProfileDeferralInfo.java
/Users/jspark/projects/r2.large-benchmarks/boofcv/examples//src/boofcv/examples/enhance/ExampleWaveletDenoise.java 66
../main/ip/src//boofcv/alg/denoise/wavelet/UtilDenoiseWavelet.java 107
[sun/util/locale/LocaleObjectCache.java] is excluded
[sun/util/locale/LocaleObjectCache.java] is excluded
miss: sun/util/locale/LocaleObjectCache.java
../main/ip/src//boofcv/struct/image/ImageSInt32.java 102
[sun/security/x509/CertificateX509Key.java] is excluded
[sun/security/x509/CertificateX509Key.java] is excluded
miss: sun/security/x509/CertificateX509Key.java
[com/sun/imageio/plugins/wbmp/WBMPImageWriterSpi.java] is excluded
[com/sun/imageio/plugins/wbmp/WBMPImageWriterSpi.java] is excluded
miss: com/sun/imageio/plugins/wbmp/WBMPImageWriterSpi.java
/Users/jspark/projects/jdk/javax/swing/JComponent.java 5567
[sun/security/x509/CertificateIssuerUniqueIdentity.java] is excluded
[sun/security/x509/CertificateIssuerUniqueIdentity.java] is excluded
miss: sun/security/x509/CertificateIssuerUniqueIdentity.java
/Users/jspark/projects/jdk/java/awt/FlowLayout.java 696
/Users/jspark/projects/jdk/java/util/BitSet.java 1191
/Users/jspark/projects/jdk/java/security/AlgorithmParameters.java 398
[sun/nio/cs/StandardCharsets.java] is excluded
miss: sun/nio/cs/StandardCharsets.java
[sun/security/validator/ValidatorException.java] is excluded
[sun/security/validator/ValidatorException.java] is excluded
miss: sun/security/validator/ValidatorException.java
../main/ip/src//boofcv/abst/denoise/FactoryImageDenoise.java 124
/Users/jspark/projects/jdk/javax/swing/JScrollBar.java 919
/Users/jspark/projects/jdk/java/awt/IllegalComponentStateException.java 57
/Users/jspark/projects/jdk/java/lang/Math.java 1526
[com/sun/imageio/plugins/jpeg/DHTMarkerSegment.java] is excluded
[com/sun/imageio/plugins/jpeg/DHTMarkerSegment.java] is excluded
miss: com/sun/imageio/plugins/jpeg/DHTMarkerSegment.java
[sun/util/calendar/AbstractCalendar.java] is excluded
[sun/util/calendar/AbstractCalendar.java] is excluded
miss: sun/util/calendar/AbstractCalendar.java
/Users/jspark/projects/jdk/java/util/regex/Matcher.java 1257
[sun/security/pkcs/SigningCertificateInfo.java] is excluded
[sun/security/pkcs/SigningCertificateInfo.java] is excluded
miss: sun/security/pkcs/SigningCertificateInfo.java
/Users/jspark/projects/jdk/java/nio/Bits.java 811
/Users/jspark/projects/jdk/java/util/ArrayDeque.java 866
/Users/jspark/projects/jdk/java/lang/ref/SoftReference.java 118
/Users/jspark/projects/jdk/java/security/cert/CertPathValidatorException.java 296
/Users/jspark/projects/jdk/java/util/concurrent/atomic/AtomicReference.java 155
../main/ip/src//boofcv/alg/transform/wavelet/WaveletTransformOps.java 460
/Users/jspark/projects/jdk/java/lang/Byte.java 452
/Users/jspark/projects/jdk/java/security/cert/CertPathValidator.java 315
[sun/font/ExtendedTextLabel.java] is excluded
[sun/font/ExtendedTextLabel.java] is excluded
miss: sun/font/ExtendedTextLabel.java
/Users/jspark/projects/jdk/javax/swing/plaf/metal/MetalHighContrastTheme.java 189
[sun/security/pkcs/ParsingException.java] is excluded
[sun/security/pkcs/ParsingException.java] is excluded
miss: sun/security/pkcs/ParsingException.java
/Users/jspark/projects/jdk/java/security/spec/DSAPublicKeySpec.java 106
/Users/jspark/projects/jdk/java/math/MutableBigInteger.java 1477
/Users/jspark/projects/jdk/java/util/PropertyPermission.java 667
/Users/jspark/projects/jdk/java/awt/image/BufferStrategy.java 205
/Users/jspark/projects/jdk/java/text/RuleBasedBreakIterator.java 1148
/Users/jspark/projects/jdk/javax/swing/BufferStrategyPaintManager.java 956
/Users/jspark/projects/jdk/java/util/zip/ZipEntry.java 327
[sun/security/x509/RFC822Name.java] is excluded
[sun/security/x509/RFC822Name.java] is excluded
miss: sun/security/x509/RFC822Name.java
/Users/jspark/projects/jdk/java/lang/IllegalMonitorStateException.java 62
[sun/util/locale/StringTokenIterator.java] is excluded
[sun/util/locale/StringTokenIterator.java] is excluded
miss: sun/util/locale/StringTokenIterator.java
[sun/font/FontManagerFactory.java] is excluded
[sun/font/FontManagerFactory.java] is excluded
miss: sun/font/FontManagerFactory.java
/Users/jspark/projects/jdk/java/awt/image/DataBuffer.java 541
miss: sun/misc/IoTrace.java
/Users/jspark/projects/jdk/java/math/MathContext.java 326
../main/ip/src//boofcv/core/image/border/BorderIndex1D_Reflect.java 40
[sun/font/AttributeValues.java] is excluded
[sun/font/AttributeValues.java] is excluded
miss: sun/font/AttributeValues.java
[sun/security/x509/CertificateSubjectUniqueIdentity.java] is excluded
[sun/security/x509/CertificateSubjectUniqueIdentity.java] is excluded
miss: sun/security/x509/CertificateSubjectUniqueIdentity.java
/Users/jspark/projects/jdk/java/util/TreeSet.java 539
/Users/jspark/projects/jdk/java/security/cert/CertStore.java 424
[sun/nio/cs/US_ASCII.java] is excluded
[sun/nio/cs/US_ASCII.java] is excluded
miss: sun/nio/cs/US_ASCII.java
/Users/jspark/projects/jdk/java/util/IdentityHashMap.java 1243
../main/ip/src//boofcv/factory/transform/wavelet/FactoryWaveletDaub.java 389
[sun/awt/HeadlessToolkit.java] is excluded
[sun/awt/HeadlessToolkit.java] is excluded
miss: sun/awt/HeadlessToolkit.java
[com/sun/imageio/plugins/jpeg/JPEGImageReader.java] is excluded
[com/sun/imageio/plugins/jpeg/JPEGImageReader.java] is excluded
miss: com/sun/imageio/plugins/jpeg/JPEGImageReader.java
../main/ip/src//boofcv/struct/image/ImageSingleBand.java 196
/Users/jspark/projects/jdk/java/util/RegularEnumSet.java 303
/Users/jspark/projects/jdk/java/util/zip/CRC32.java 93
../main/ip/src//boofcv/alg/denoise/wavelet/ShrinkThresholdSoft_F32.java 61
/Users/jspark/projects/jdk/java/lang/ProcessEnvironment.java 346
/Users/jspark/projects/jdk/java/lang/NullPointerException.java 72
[com/sun/imageio/plugins/wbmp/WBMPMetadata.java] is excluded
[com/sun/imageio/plugins/wbmp/WBMPMetadata.java] is excluded
miss: com/sun/imageio/plugins/wbmp/WBMPMetadata.java
/Users/jspark/projects/jdk/javax/swing/DebugGraphicsObserver.java 53
/Users/jspark/projects/jdk/javax/swing/Popup.java 268
/Users/jspark/projects/jdk/java/lang/Shutdown.java 238
[sun/security/jca/ProviderConfig.java] is excluded
[sun/security/jca/ProviderConfig.java] is excluded
miss: sun/security/jca/ProviderConfig.java
/Users/jspark/projects/jdk/java/util/jar/JarInputStream.java 233
[sun/security/util/SignatureFileVerifier.java] is excluded
[sun/security/util/SignatureFileVerifier.java] is excluded
miss: sun/security/util/SignatureFileVerifier.java
/Users/jspark/projects/jdk/java/awt/Point.java 234
[sun/security/x509/CertificateExtensions.java] is excluded
[sun/security/x509/CertificateExtensions.java] is excluded
miss: sun/security/x509/CertificateExtensions.java
[sun/security/util/DerInputBuffer.java] is excluded
[sun/security/util/DerInputBuffer.java] is excluded
miss: sun/security/util/DerInputBuffer.java
[com/sun/imageio/plugins/bmp/BMPImageReader.java] is excluded
[com/sun/imageio/plugins/bmp/BMPImageReader.java] is excluded
miss: com/sun/imageio/plugins/bmp/BMPImageReader.java
[com/sun/imageio/plugins/common/ReaderUtil.java] is excluded
[com/sun/imageio/plugins/common/ReaderUtil.java] is excluded
miss: com/sun/imageio/plugins/common/ReaderUtil.java
/Users/jspark/projects/jdk/java/security/spec/X509EncodedKeySpec.java 86
[sun/util/locale/LocaleExtensions.java] is excluded
[sun/util/locale/LocaleExtensions.java] is excluded
miss: sun/util/locale/LocaleExtensions.java
/Users/jspark/projects/jdk/java/lang/LinkageError.java 69
[sun/text/CodePointIterator.java] is excluded
[sun/text/CodePointIterator.java] is excluded
miss: sun/text/CodePointIterator.java
[sun/security/jca/Providers.java] is excluded
[sun/security/jca/Providers.java] is excluded
miss: sun/security/jca/Providers.java
/Users/jspark/projects/jdk/java/security/cert/CertificateFactory.java 537
/Users/jspark/projects/jdk/java/util/regex/Pattern.java 5648
/Users/jspark/projects/jdk/javax/swing/event/SwingPropertyChangeSupport.java 124
[sun/security/util/DerIndefLenConverter.java] is excluded
[sun/security/util/DerIndefLenConverter.java] is excluded
miss: sun/security/util/DerIndefLenConverter.java
/Users/jspark/projects/jdk/java/awt/BorderLayout.java 887
[com/sun/imageio/plugins/common/I18N.java] is excluded
[com/sun/imageio/plugins/common/I18N.java] is excluded
miss: com/sun/imageio/plugins/common/I18N.java
/Users/jspark/projects/jdk/java/io/InputStream.java 366
/Users/jspark/projects/jdk/java/text/SimpleDateFormat.java 2349
/Users/jspark/projects/jdk/javax/swing/plaf/metal/OceanTheme.java 460
/Users/jspark/projects/jdk/java/util/concurrent/ThreadLocalRandom.java 226
/Users/jspark/projects/jdk/java/util/IllegalFormatConversionException.java 84
[sun/security/x509/GeneralName.java] is excluded
[sun/security/x509/GeneralName.java] is excluded
miss: sun/security/x509/GeneralName.java
miss: sun/security/util/KeyUtil.java
/Users/jspark/projects/jdk/java/io/Writer.java 325
[sun/awt/image/NativeLibLoader.java] is excluded
[sun/awt/image/NativeLibLoader.java] is excluded
miss: sun/awt/image/NativeLibLoader.java
/Users/jspark/projects/jdk/java/io/File.java 2076
../main/ip/src//boofcv/core/image/border/BorderIndex1D.java 40
/Users/jspark/projects/jdk/java/util/jar/Attributes.java 663
/Users/jspark/projects/jdk/java/lang/ref/WeakReference.java 72
/Users/jspark/projects/jdk/java/nio/charset/CodingErrorAction.java 84
[sun/text/normalizer/VersionInfo.java] is excluded
[sun/text/normalizer/VersionInfo.java] is excluded
miss: sun/text/normalizer/VersionInfo.java
[sun/text/bidi/BidiRun.java] is excluded
[sun/text/bidi/BidiRun.java] is excluded
miss: sun/text/bidi/BidiRun.java
/Users/jspark/projects/jdk/java/util/zip/ZipFile.java 762
/Users/jspark/projects/jdk/javax/imageio/spi/PartiallyOrderedSet.java 214
[com/sun/imageio/plugins/jpeg/AdobeMarkerSegment.java] is excluded
[com/sun/imageio/plugins/jpeg/AdobeMarkerSegment.java] is excluded
miss: com/sun/imageio/plugins/jpeg/AdobeMarkerSegment.java
/Users/jspark/projects/jdk/java/lang/ThreadGroup.java 1094
/Users/jspark/projects/jdk/java/nio/file/StandardOpenOption.java 125
[com/sun/imageio/plugins/jpeg/JPEG.java] is excluded
[com/sun/imageio/plugins/jpeg/JPEG.java] is excluded
miss: com/sun/imageio/plugins/jpeg/JPEG.java
../main/ip/src//boofcv/struct/wavelet/WlBorderCoefStandard.java 54
../main/ip/src//boofcv/struct/image/ImageInt16.java 88
/Users/jspark/projects/jdk/javax/imageio/stream/ImageInputStreamImpl.java 880
[sun/util/LocaleServiceProviderPool.java] is excluded
[sun/util/LocaleServiceProviderPool.java] is excluded
miss: sun/util/LocaleServiceProviderPool.java
[sun/awt/AWTAccessor.java] is excluded
[sun/awt/AWTAccessor.java] is excluded
miss: sun/awt/AWTAccessor.java
[sun/security/provider/certpath/AlgorithmChecker.java] is excluded
[sun/security/provider/certpath/AlgorithmChecker.java] is excluded
miss: sun/security/provider/certpath/AlgorithmChecker.java
[com/sun/imageio/plugins/common/InputStreamAdapter.java] is excluded
[com/sun/imageio/plugins/common/InputStreamAdapter.java] is excluded
miss: com/sun/imageio/plugins/common/InputStreamAdapter.java
[sun/text/normalizer/RuleCharacterIterator.java] is excluded
[sun/text/normalizer/RuleCharacterIterator.java] is excluded
miss: sun/text/normalizer/RuleCharacterIterator.java
../main/ip/src//boofcv/struct/image/ImageSInt16.java 61
/Users/jspark/projects/jdk/javax/crypto/Cipher.java 2678
[sun/misc/FormattedFloatingDecimal.java] is excluded
[sun/misc/FormattedFloatingDecimal.java] is excluded
miss: sun/misc/FormattedFloatingDecimal.java
/Users/jspark/projects/jdk/java/security/GeneralSecurityException.java 88
/Users/jspark/projects/jdk/java/lang/Package.java 612
/Users/jspark/projects/jdk/java/text/DateFormat.java 1030
/Users/jspark/projects/jdk/java/util/Arrays.java 3673
[sun/security/x509/NetscapeCertTypeExtension.java] is excluded
[sun/security/x509/NetscapeCertTypeExtension.java] is excluded
miss: sun/security/x509/NetscapeCertTypeExtension.java
[com/sun/imageio/plugins/gif/GIFStreamMetadata.java] is excluded
[com/sun/imageio/plugins/gif/GIFStreamMetadata.java] is excluded
miss: com/sun/imageio/plugins/gif/GIFStreamMetadata.java
[sun/awt/DebugSettings.java] is excluded
[sun/awt/DebugSettings.java] is excluded
miss: sun/awt/DebugSettings.java
../main/ip/src//boofcv/struct/image/ImageBase.java 162
../main/ip/src//boofcv/struct/image/ImageSInt8.java 60
/Users/jspark/projects/jdk/javax/imageio/stream/FileCacheImageInputStream.java 294
/Users/jspark/projects/jdk/javax/swing/border/AbstractBorder.java 198
/Users/jspark/projects/jdk/java/util/PriorityQueue.java 775
/Users/jspark/projects/jdk/java/util/zip/ZStreamRef.java 46
/Users/jspark/projects/jdk/java/awt/image/ColorModel.java 1959
/Users/jspark/projects/jdk/java/awt/Cursor.java 475
[sun/misc/CompoundEnumeration.java] is excluded
[sun/misc/CompoundEnumeration.java] is excluded
miss: sun/misc/CompoundEnumeration.java
/Users/jspark/projects/jdk/java/security/cert/PKIXBuilderParameters.java 199
[sun/awt/PaintEventDispatcher.java] is excluded
[sun/awt/PaintEventDispatcher.java] is excluded
miss: sun/awt/PaintEventDispatcher.java
[sun/misc/MetaIndex.java] is excluded
[sun/misc/MetaIndex.java] is excluded
miss: sun/misc/MetaIndex.java
/Users/jspark/projects/jdk/javax/swing/SwingPaintEventDispatcher.java 94
[com/sun/imageio/plugins/gif/GIFImageReaderSpi.java] is excluded
[com/sun/imageio/plugins/gif/GIFImageReaderSpi.java] is excluded
miss: com/sun/imageio/plugins/gif/GIFImageReaderSpi.java
/Users/jspark/projects/jdk/java/lang/reflect/ReflectAccess.java 146
../main/ip/src//boofcv/alg/misc/ImageStatistics.java 1604
[sun/text/normalizer/NormalizerDataReader.java] is excluded
[sun/text/normalizer/NormalizerDataReader.java] is excluded
miss: sun/text/normalizer/NormalizerDataReader.java
/Users/jspark/projects/jdk/javax/swing/event/ChangeEvent.java 55
/Users/jspark/projects/jdk/javax/swing/JLabel.java 1635
/Users/jspark/projects/jdk/java/util/zip/InflaterInputStream.java 288
/Users/jspark/projects/jdk/javax/crypto/CryptoPermission.java 545
/Users/jspark/projects/jdk/java/lang/CharacterData0E.java 392
/Users/jspark/projects/jdk/java/text/NumberFormat.java 1162
/Users/jspark/projects/jdk/java/security/AllPermission.java 237
/Users/jspark/projects/jdk/javax/swing/event/ListSelectionEvent.java 123
/Users/jspark/projects/jdk/java/security/Signature.java 1293
[sun/font/FontUtilities.java] is excluded
[sun/font/FontUtilities.java] is excluded
miss: sun/font/FontUtilities.java
/Users/jspark/projects/jdk/java/util/Dictionary.java 155
[sun/misc/InvalidJarIndexException.java] is excluded
[sun/misc/InvalidJarIndexException.java] is excluded
miss: sun/misc/InvalidJarIndexException.java
/Users/jspark/projects/jdk/java/io/BufferedReader.java 522
/Users/jspark/projects/jdk/javax/swing/UIManager.java 1489
/Users/jspark/projects/jdk/java/math/BigInteger.java 3186
[com/sun/imageio/plugins/common/SubImageInputStream.java] is excluded
[com/sun/imageio/plugins/common/SubImageInputStream.java] is excluded
miss: com/sun/imageio/plugins/common/SubImageInputStream.java
[com/sun/imageio/plugins/jpeg/SOSMarkerSegment.java] is excluded
[com/sun/imageio/plugins/jpeg/SOSMarkerSegment.java] is excluded
miss: com/sun/imageio/plugins/jpeg/SOSMarkerSegment.java
/Users/jspark/projects/jdk/java/awt/geom/Path2D.java 2595
miss: boofcv/gui/image/ShowImages.java
/Users/jspark/projects/jdk/java/lang/ClassLoaderHelper.java 42
/Users/jspark/projects/jdk/javax/swing/plaf/ColorUIResource.java 66
/Users/jspark/projects/jdk/javax/swing/plaf/DimensionUIResource.java 56
[sun/security/util/Debug.java] is excluded
[sun/security/util/Debug.java] is excluded
miss: sun/security/util/Debug.java
/Users/jspark/projects/jdk/java/io/DataInputStream.java 663
/Users/jspark/projects/jdk/java/awt/GraphicsCallback.java 146
/Users/jspark/projects/jdk/java/util/FormatterClosedException.java 45
/Users/jspark/projects/jdk/java/io/StringBufferInputStream.java 172
/Users/jspark/projects/jdk/java/net/URI.java 3526
../main/ip/src//boofcv/struct/wavelet/WlCoef_F32.java 57
/Users/jspark/projects/jdk/java/security/KeyException.java 90
[sun/awt/image/VSyncedBSManager.java] is excluded
[sun/awt/image/VSyncedBSManager.java] is excluded
miss: sun/awt/image/VSyncedBSManager.java
/Users/jspark/projects/jdk/java/io/UnsupportedEncodingException.java 52
/Users/jspark/projects/jdk/java/awt/event/ComponentAdapter.java 72
/Users/jspark/projects/jdk/java/nio/charset/spi/CharsetProvider.java 110
/Users/jspark/projects/jdk/java/nio/file/TempFileHelper.java 175
[sun/net/util/URLUtil.java] is excluded
[sun/net/util/URLUtil.java] is excluded
miss: sun/net/util/URLUtil.java
/Users/jspark/projects/jdk/java/awt/Component.java 10101
/Users/jspark/projects/jdk/java/util/IllegalFormatPrecisionException.java 63
[sun/font/FontAccess.java] is excluded
[sun/font/FontAccess.java] is excluded
miss: sun/font/FontAccess.java
/Users/jspark/projects/jdk/java/awt/ImageCapabilities.java 81
/Users/jspark/projects/jdk/java/util/LinkedList.java 1138
[sun/awt/SunToolkit.java] is excluded
[sun/awt/SunToolkit.java] is excluded
miss: sun/awt/SunToolkit.java
/Users/jspark/projects/jdk/java/nio/charset/StandardCharsets.java 66
[sun/text/normalizer/UnicodeSetIterator.java] is excluded
[sun/text/normalizer/UnicodeSetIterator.java] is excluded
miss: sun/text/normalizer/UnicodeSetIterator.java
[sun/security/validator/Validator.java] is excluded
[sun/security/validator/Validator.java] is excluded
miss: sun/security/validator/Validator.java
/Users/jspark/projects/jdk/javax/swing/JScrollPane.java 1555
[sun/security/x509/CRLExtensions.java] is excluded
[sun/security/x509/CRLExtensions.java] is excluded
miss: sun/security/x509/CRLExtensions.java
[sun/net/www/ParseUtil.java] is excluded
[sun/net/www/ParseUtil.java] is excluded
miss: sun/net/www/ParseUtil.java
/Users/jspark/projects/jdk/javax/swing/FocusManager.java 151
[sun/security/x509/OIDMap.java] is excluded
[sun/security/x509/OIDMap.java] is excluded
miss: sun/security/x509/OIDMap.java
/Users/jspark/projects/jdk/javax/swing/UIDefaults.java 1334
/Users/jspark/projects/jdk/javax/swing/JRootPane.java 1102
[sun/java2d/HeadlessGraphicsEnvironment.java] is excluded
[sun/java2d/HeadlessGraphicsEnvironment.java] is excluded
miss: sun/java2d/HeadlessGraphicsEnvironment.java
../main/ip/src//boofcv/struct/wavelet/WlCoef_I32.java 52
/Users/jspark/projects/jdk/javax/swing/KeyboardManager.java 391
[com/sun/imageio/spi/OutputStreamImageOutputStreamSpi.java] is excluded
[com/sun/imageio/spi/OutputStreamImageOutputStreamSpi.java] is excluded
miss: com/sun/imageio/spi/OutputStreamImageOutputStreamSpi.java
/Users/jspark/projects/jdk/java/awt/FocusTraversalPolicy.java 175
/Users/jspark/projects/jdk/java/lang/UnsupportedOperationException.java 94
/Users/jspark/projects/jdk/java/nio/HeapByteBuffer.java 595
/Users/jspark/projects/jdk/java/awt/AWTEventMulticaster.java 1032
/Users/jspark/projects/jdk/java/util/jar/JarException.java 52
[sun/font/CoreMetrics.java] is excluded
[sun/font/CoreMetrics.java] is excluded
miss: sun/font/CoreMetrics.java
/Users/jspark/projects/jdk/java/util/concurrent/locks/AbstractQueuedSynchronizer.java 2330
[sun/misc/SoftCache.java] is excluded
[sun/misc/SoftCache.java] is excluded
miss: sun/misc/SoftCache.java
/Users/jspark/projects/jdk/java/lang/InternalError.java 55
[sun/awt/CausedFocusEvent.java] is excluded
[sun/awt/CausedFocusEvent.java] is excluded
miss: sun/awt/CausedFocusEvent.java
[sun/java2d/cmm/CMSManager.java] is excluded
[sun/java2d/cmm/CMSManager.java] is excluded
miss: sun/java2d/cmm/CMSManager.java
[sun/misc/JarIndex.java] is excluded
[sun/misc/JarIndex.java] is excluded
miss: sun/misc/JarIndex.java
/Users/jspark/projects/jdk/java/security/Timestamp.java 164
/Users/jspark/projects/jdk/java/awt/font/FontRenderContext.java 358
/Users/jspark/projects/jdk/java/util/concurrent/atomic/AtomicLong.java 279
[sun/font/Decoration.java] is excluded
[sun/font/Decoration.java] is excluded
miss: sun/font/Decoration.java
/Users/jspark/projects/jdk/java/awt/event/MouseAdapter.java 113
[sun/font/ScriptRun.java] is excluded
[sun/font/ScriptRun.java] is excluded
miss: sun/font/ScriptRun.java
/Users/jspark/projects/jdk/java/util/ServiceLoader.java 545
[sun/text/normalizer/ReplaceableUCharacterIterator.java] is excluded
[sun/text/normalizer/ReplaceableUCharacterIterator.java] is excluded
miss: sun/text/normalizer/ReplaceableUCharacterIterator.java
/Users/jspark/projects/jdk/java/awt/font/TextLayout.java 2753
[sun/util/calendar/TzIDOldMapping.java] is excluded
[sun/util/calendar/TzIDOldMapping.java] is excluded
miss: sun/util/calendar/TzIDOldMapping.java
/Users/jspark/projects/jdk/java/nio/charset/UnsupportedCharsetException.java 68
/Users/jspark/projects/jdk/java/awt/geom/RectIterator.java 156
[sun/text/normalizer/NormalizerBase.java] is excluded
[sun/text/normalizer/NormalizerBase.java] is excluded
miss: sun/text/normalizer/NormalizerBase.java
[sun/security/x509/CertificateIssuerName.java] is excluded
[sun/security/x509/CertificateIssuerName.java] is excluded
miss: sun/security/x509/CertificateIssuerName.java
/Users/jspark/projects/jdk/java/awt/Image.java 353
/Users/jspark/projects/jdk/java/nio/ByteOrder.java 89
/Users/jspark/projects/jdk/javax/imageio/metadata/IIOMetadata.java 900
[sun/security/util/SecurityConstants.java] is excluded
[sun/security/util/SecurityConstants.java] is excluded
miss: sun/security/util/SecurityConstants.java
[sun/security/util/Cache.java] is excluded
[sun/security/util/Cache.java] is excluded
miss: sun/security/util/Cache.java
../main/ip/src//boofcv/alg/transform/wavelet/impl/ImplWaveletTransformBorder.java 689
[com/sun/imageio/spi/FileImageInputStreamSpi.java] is excluded
[com/sun/imageio/spi/FileImageInputStreamSpi.java] is excluded
miss: com/sun/imageio/spi/FileImageInputStreamSpi.java
[sun/security/x509/CertificateSubjectName.java] is excluded
[sun/security/x509/CertificateSubjectName.java] is excluded
miss: sun/security/x509/CertificateSubjectName.java
[sun/util/calendar/CalendarDate.java] is excluded
[sun/util/calendar/CalendarDate.java] is excluded
miss: sun/util/calendar/CalendarDate.java
/Users/jspark/projects/jdk/java/awt/image/ComponentSampleModel.java 1212
/Users/jspark/projects/jdk/java/util/ArrayList.java 1132
[sun/awt/im/CompositionArea.java] is excluded
[sun/awt/im/CompositionArea.java] is excluded
miss: sun/awt/im/CompositionArea.java
/Users/jspark/projects/jdk/java/awt/Insets.java 188
/Users/jspark/projects/jdk/java/security/cert/CertPathHelperImpl.java 66
/Users/jspark/projects/jdk/java/text/BreakDictionary.java 341
/Users/jspark/projects/jdk/java/awt/Dimension.java 239
../main/ip/src//boofcv/alg/transform/wavelet/impl/ImplWaveletTransformInner.java 478
[sun/text/bidi/BidiLine.java] is excluded
[sun/text/bidi/BidiLine.java] is excluded
miss: sun/text/bidi/BidiLine.java
../main/ip/src//boofcv/alg/misc/PixelMath.java 2839
/Users/jspark/projects/jdk/java/awt/event/MouseWheelEvent.java 447
/Users/jspark/projects/jdk/java/security/InvalidAlgorithmParameterException.java 97
[sun/text/normalizer/ReplaceableString.java] is excluded
[sun/text/normalizer/ReplaceableString.java] is excluded
miss: sun/text/normalizer/ReplaceableString.java
/Users/jspark/projects/jdk/java/lang/ThreadLocal.java 684
/Users/jspark/projects/jdk/java/io/ObjectStreamField.java 314
[sun/security/util/ByteArrayTagOrder.java] is excluded
[sun/security/util/ByteArrayTagOrder.java] is excluded
miss: sun/security/util/ByteArrayTagOrder.java
/Users/jspark/projects/jdk/java/awt/geom/NoninvertibleTransformException.java 46
/Users/jspark/projects/jdk/java/awt/geom/RoundRectangle2D.java 681
[sun/security/pkcs/PKCS7.java] is excluded
[sun/security/pkcs/PKCS7.java] is excluded
miss: sun/security/pkcs/PKCS7.java
/Users/jspark/projects/jdk/java/util/JumboEnumSet.java 375
/Users/jspark/projects/jdk/java/lang/StringCoding.java 404
/Users/jspark/projects/jdk/java/lang/CharacterDataUndefined.java 95
/Users/jspark/projects/jdk/java/text/ChoiceFormat.java 619
/Users/jspark/projects/jdk/java/security/cert/CertificateNotYetValidException.java 59
/Users/jspark/projects/jdk/java/awt/image/FilteredImageSource.java 209
/Users/jspark/projects/jdk/java/util/concurrent/atomic/AtomicInteger.java 265
../main/ip/src//boofcv/struct/image/ImageDimension.java 36
/Users/jspark/projects/jdk/java/net/InetAddress.java 1540
[sun/security/x509/CertificateValidity.java] is excluded
[sun/security/x509/CertificateValidity.java] is excluded
miss: sun/security/x509/CertificateValidity.java
/Users/jspark/projects/jdk/java/net/SocketPermission.java 1376
/Users/jspark/projects/jdk/java/net/NetworkInterface.java 571
/Users/jspark/projects/jdk/javax/imageio/spi/IIOServiceProvider.java 172
/Users/jspark/projects/jdk/java/io/Reader.java 262
[sun/reflect/misc/MethodUtil.java] is excluded
[sun/reflect/misc/MethodUtil.java] is excluded
miss: sun/reflect/misc/MethodUtil.java
[sun/security/x509/PKIXExtensions.java] is excluded
[sun/security/x509/PKIXExtensions.java] is excluded
miss: sun/security/x509/PKIXExtensions.java
/Users/jspark/projects/jdk/java/lang/IllegalArgumentException.java 95
/Users/jspark/projects/jdk/java/awt/image/IndexColorModel.java 1534
/Users/jspark/projects/jdk/java/security/Permissions.java 598
/Users/jspark/projects/jdk/javax/swing/plaf/basic/BasicPopupMenuUI.java 1223
[sun/awt/PeerEvent.java] is excluded
[sun/awt/PeerEvent.java] is excluded
miss: sun/awt/PeerEvent.java
/Users/jspark/projects/jdk/java/awt/MediaTracker.java 949
[sun/security/action/GetBooleanAction.java] is excluded
[sun/security/action/GetBooleanAction.java] is excluded
miss: sun/security/action/GetBooleanAction.java
/Users/jspark/projects/jdk/java/awt/image/DataBufferDouble.java 403
[sun/net/util/IPAddressUtil.java] is excluded
[sun/net/util/IPAddressUtil.java] is excluded
miss: sun/net/util/IPAddressUtil.java
[sun/font/DelegatingShape.java] is excluded
[sun/font/DelegatingShape.java] is excluded
miss: sun/font/DelegatingShape.java
/Users/jspark/projects/jdk/java/io/UTFDataFormatException.java 69
/Users/jspark/projects/jdk/java/security/cert/TrustAnchor.java 334
[sun/util/locale/ParseStatus.java] is excluded
[sun/util/locale/ParseStatus.java] is excluded
miss: sun/util/locale/ParseStatus.java
/Users/jspark/projects/jdk/java/lang/CharacterData.java 97
[com/sun/imageio/plugins/jpeg/COMMarkerSegment.java] is excluded
[com/sun/imageio/plugins/jpeg/COMMarkerSegment.java] is excluded
miss: com/sun/imageio/plugins/jpeg/COMMarkerSegment.java
[sun/awt/im/InputMethodContext.java] is excluded
[sun/awt/im/InputMethodContext.java] is excluded
miss: sun/awt/im/InputMethodContext.java
/Users/jspark/projects/jdk/java/math/BigDecimal.java 3855
/Users/jspark/projects/jdk/java/util/ComparableTimSort.java 895
/Users/jspark/projects/jdk/java/io/StreamTokenizer.java 834
../main/ip/src//boofcv/alg/denoise/wavelet/DenoiseBayesShrink_F32.java 96
../main/ip/src//boofcv/struct/image/ImageUInt8.java 60
[com/sun/imageio/plugins/png/PNGImageReaderSpi.java] is excluded
[com/sun/imageio/plugins/png/PNGImageReaderSpi.java] is excluded
miss: com/sun/imageio/plugins/png/PNGImageReaderSpi.java
[sun/security/util/ManifestEntryVerifier.java] is excluded
[sun/security/util/ManifestEntryVerifier.java] is excluded
miss: sun/security/util/ManifestEntryVerifier.java
[sun/security/util/DerValue.java] is excluded
[sun/security/util/DerValue.java] is excluded
miss: sun/security/util/DerValue.java
/Users/jspark/projects/jdk/java/awt/geom/Rectangle2D.java 930
/Users/jspark/projects/jdk/java/awt/event/AdjustmentEvent.java 289
/Users/jspark/projects/jdk/java/awt/event/InputMethodEvent.java 416
[sun/security/util/DerInputStream.java] is excluded
[sun/security/util/DerInputStream.java] is excluded
miss: sun/security/util/DerInputStream.java
/Users/jspark/projects/jdk/java/util/IllegalFormatException.java 42
[sun/security/pkcs/PKCS9Attribute.java] is excluded
[sun/security/pkcs/PKCS9Attribute.java] is excluded
miss: sun/security/pkcs/PKCS9Attribute.java
/Users/jspark/projects/jdk/java/security/CodeSigner.java 173
/Users/jspark/projects/jdk/java/util/LinkedHashMap.java 492
[sun/font/FontResolver.java] is excluded
[sun/font/FontResolver.java] is excluded
miss: sun/font/FontResolver.java
/Users/jspark/projects/jdk/java/math/RoundingMode.java 349
/Users/jspark/projects/jdk/javax/crypto/CryptoAllPermission.java 179
/Users/jspark/projects/jdk/javax/imageio/spi/IIORegistry.java 251
/Users/jspark/projects/jdk/java/awt/im/InputContext.java 339
/Users/jspark/projects/jdk/javax/swing/JToolTip.java 284
/Users/jspark/projects/jdk/java/util/concurrent/atomic/AtomicBoolean.java 164
/Users/jspark/projects/jdk/java/net/URLClassLoader.java 791
/Users/jspark/projects/jdk/java/io/FilterInputStream.java 245
[sun/font/SunLayoutEngine.java] is excluded
[sun/font/SunLayoutEngine.java] is excluded
miss: sun/font/SunLayoutEngine.java
/Users/jspark/projects/jdk/java/lang/reflect/Array.java 485
/Users/jspark/projects/jdk/javax/swing/Autoscroller.java 179
/Users/jspark/projects/jdk/java/security/SignatureException.java 87
/Users/jspark/projects/jdk/java/nio/BufferOverflowException.java 51
/Users/jspark/projects/jdk/java/lang/ArrayIndexOutOfBoundsException.java 67
/Users/jspark/projects/jdk/java/awt/image/DirectColorModel.java 1416
/Users/jspark/projects/jdk/java/lang/System.java 1210
[sun/util/locale/LocaleSyntaxException.java] is excluded
[sun/util/locale/LocaleSyntaxException.java] is excluded
miss: sun/util/locale/LocaleSyntaxException.java
miss: boofcv/io/image/UtilImageIO.java
/Users/jspark/projects/jdk/java/nio/file/attribute/PosixFilePermissions.java 180
/Users/jspark/projects/jdk/javax/imageio/spi/ImageOutputStreamSpi.java 200
[com/sun/java/swing/plaf/windows/DesktopProperty.java] is excluded
[com/sun/java/swing/plaf/windows/DesktopProperty.java] is excluded
miss: com/sun/java/swing/plaf/windows/DesktopProperty.java
[sun/java2d/cmm/ProfileDeferralMgr.java] is excluded
[sun/java2d/cmm/ProfileDeferralMgr.java] is excluded
miss: sun/java2d/cmm/ProfileDeferralMgr.java
/Users/jspark/projects/jdk/java/util/Formatter.java 4441
/Users/jspark/projects/jdk/java/util/EventObject.java 78
/Users/jspark/projects/jdk/java/lang/Enum.java 256
[sun/misc/Launcher.java] is excluded
[sun/misc/Launcher.java] is excluded
miss: sun/misc/Launcher.java
/Users/jspark/projects/jdk/java/security/MessageDigest.java 588
/Users/jspark/projects/jdk/java/lang/Runtime.java 902
[sun/security/x509/OtherName.java] is excluded
[sun/security/x509/OtherName.java] is excluded
miss: sun/security/x509/OtherName.java
/Users/jspark/projects/jdk/java/util/zip/ZipException.java 60
[sun/security/pkcs/PKCS9Attributes.java] is excluded
[sun/security/pkcs/PKCS9Attributes.java] is excluded
miss: sun/security/pkcs/PKCS9Attributes.java
/Users/jspark/projects/jdk/java/lang/ArithmeticException.java 61
/Users/jspark/projects/jdk/java/awt/image/MultiPixelPackedSampleModel.java 699
../main/ip/src//boofcv/struct/image/ImageSInt64.java 113
[com/sun/imageio/stream/StreamCloser.java] is excluded
[com/sun/imageio/stream/StreamCloser.java] is excluded
miss: com/sun/imageio/stream/StreamCloser.java
/Users/jspark/projects/jdk/javax/swing/plaf/metal/MetalFontDesktopProperty.java 99
/Users/jspark/projects/jdk/java/awt/event/MouseEvent.java 1171
/Users/jspark/projects/jdk/java/lang/InheritableThreadLocal.java 84
/Users/jspark/projects/jdk/java/io/RandomAccessFile.java 1125
/Users/jspark/projects/jdk/java/security/PermissionCollection.java 196
/Users/jspark/projects/jdk/java/security/Security.java 1107
/Users/jspark/projects/jdk/javax/imageio/stream/MemoryCache.java 364
[sun/security/action/GetIntegerAction.java] is excluded
[sun/security/action/GetIntegerAction.java] is excluded
miss: sun/security/action/GetIntegerAction.java
../main/ip/src//boofcv/struct/image/ImageFloat32.java 140
/Users/jspark/projects/jdk/java/lang/Class.java 3122
/Users/jspark/projects/jdk/java/awt/image/DataBufferFloat.java 406
[sun/awt/image/SurfaceManager.java] is excluded
[sun/awt/image/SurfaceManager.java] is excluded
miss: sun/awt/image/SurfaceManager.java
/Users/jspark/projects/jdk/java/lang/ref/Reference.java 238
/Users/jspark/projects/jdk/java/awt/image/ComponentColorModel.java 2948
[sun/util/calendar/Era.java] is excluded
[sun/util/calendar/Era.java] is excluded
miss: sun/util/calendar/Era.java
/Users/jspark/projects/jdk/java/awt/image/PixelInterleavedSampleModel.java 171
/Users/jspark/projects/jdk/java/util/concurrent/ConcurrentHashMap.java 1593
[com/sun/imageio/plugins/png/PNGMetadata.java] is excluded
[com/sun/imageio/plugins/png/PNGMetadata.java] is excluded
miss: com/sun/imageio/plugins/png/PNGMetadata.java
/Users/jspark/projects/jdk/java/awt/font/LineMetrics.java 143
[sun/awt/util/IdentityArrayList.java] is excluded
[sun/awt/util/IdentityArrayList.java] is excluded
miss: sun/awt/util/IdentityArrayList.java
../main/ip/src//boofcv/core/image/ConvertRaster.java 1364
[sun/security/x509/IPAddressName.java] is excluded
[sun/security/x509/IPAddressName.java] is excluded
miss: sun/security/x509/IPAddressName.java
[com/sun/imageio/plugins/jpeg/JPEGMetadata.java] is excluded
[com/sun/imageio/plugins/jpeg/JPEGMetadata.java] is excluded
miss: com/sun/imageio/plugins/jpeg/JPEGMetadata.java
/Users/jspark/projects/jdk/java/lang/CharacterDataPrivateUse.java 101
/Users/jspark/projects/jdk/java/io/IOException.java 101
/Users/jspark/projects/jdk/java/awt/image/SinglePixelPackedSampleModel.java 801
[sun/awt/image/OffScreenImageSource.java] is excluded
[sun/awt/image/OffScreenImageSource.java] is excluded
miss: sun/awt/image/OffScreenImageSource.java
../main/ip/src//boofcv/struct/image/ImageFloat.java 42
/Users/jspark/projects/jdk/java/lang/reflect/Modifier.java 452
[sun/security/util/UntrustedCertificates.java] is excluded
miss: sun/security/util/UntrustedCertificates.java
[com/sun/imageio/plugins/jpeg/JPEGImageReaderSpi.java] is excluded
[com/sun/imageio/plugins/jpeg/JPEGImageReaderSpi.java] is excluded
miss: com/sun/imageio/plugins/jpeg/JPEGImageReaderSpi.java
[sun/misc/ExtensionInfo.java] is excluded
[sun/misc/ExtensionInfo.java] is excluded
miss: sun/misc/ExtensionInfo.java
[com/sun/imageio/plugins/jpeg/JFIFMarkerSegment.java] is excluded
[com/sun/imageio/plugins/jpeg/JFIFMarkerSegment.java] is excluded
miss: com/sun/imageio/plugins/jpeg/JFIFMarkerSegment.java
/Users/jspark/projects/jdk/java/security/cert/CRL.java 88
/Users/jspark/projects/jdk/java/awt/event/ContainerEvent.java 159
/Users/jspark/projects/jdk/java/io/ByteArrayInputStream.java 283
/Users/jspark/projects/jdk/java/awt/geom/AffineTransform.java 3923
[sun/awt/NullComponentPeer.java] is excluded
[sun/awt/NullComponentPeer.java] is excluded
miss: sun/awt/NullComponentPeer.java
[sun/awt/image/BytePackedRaster.java] is excluded
[sun/awt/image/BytePackedRaster.java] is excluded
miss: sun/awt/image/BytePackedRaster.java
/Users/jspark/projects/jdk/javax/swing/JLayeredPane.java 784
/Users/jspark/projects/jdk/javax/crypto/CryptoPermissions.java 510
/Users/jspark/projects/jdk/java/awt/font/TextLine.java 1437
/Users/jspark/projects/jdk/java/awt/event/FocusAdapter.java 62
/Users/jspark/projects/jdk/java/util/concurrent/DelayQueue.java 546
/Users/jspark/projects/jdk/java/util/jar/Manifest.java 447
/Users/jspark/projects/jdk/java/lang/SecurityManager.java 1735
/Users/jspark/projects/jdk/javax/swing/ToolTipManager.java 828
[sun/misc/CharacterEncoder.java] is excluded
[sun/misc/CharacterEncoder.java] is excluded
miss: sun/misc/CharacterEncoder.java
/Users/jspark/projects/jdk/java/awt/event/ActionEvent.java 288
/Users/jspark/projects/jdk/javax/swing/ClientPropertyKey.java 124
[sun/text/normalizer/UCharacterProperty.java] is excluded
[sun/text/normalizer/UCharacterProperty.java] is excluded
miss: sun/text/normalizer/UCharacterProperty.java
/Users/jspark/projects/jdk/java/util/IllegalFormatFlagsException.java 67
/Users/jspark/projects/jdk/java/io/ByteArrayOutputStream.java 272
[sun/awt/im/InputContext.java] is excluded
[sun/awt/im/InputContext.java] is excluded
miss: sun/awt/im/InputContext.java
[sun/java2d/pipe/ShapeSpanIterator.java] is excluded
[sun/java2d/pipe/ShapeSpanIterator.java] is excluded
miss: sun/java2d/pipe/ShapeSpanIterator.java
../main/ip/src//boofcv/factory/transform/wavelet/FactoryWaveletTransform.java 93
/Users/jspark/projects/jdk/javax/swing/JPanel.java 248
[sun/font/FontStrikeDesc.java] is excluded
[sun/font/FontStrikeDesc.java] is excluded
miss: sun/font/FontStrikeDesc.java
/Users/jspark/projects/jdk/java/beans/ChangeListenerMap.java 241
/Users/jspark/projects/jdk/java/nio/CharBuffer.java 1451
/Users/jspark/projects/jdk/javax/swing/LayoutFocusTraversalPolicy.java 274
[sun/font/LayoutPathImpl.java] is excluded
[sun/font/LayoutPathImpl.java] is excluded
miss: sun/font/LayoutPathImpl.java
[com/sun/imageio/plugins/wbmp/WBMPImageReaderSpi.java] is excluded
[com/sun/imageio/plugins/wbmp/WBMPImageReaderSpi.java] is excluded
miss: com/sun/imageio/plugins/wbmp/WBMPImageReaderSpi.java
/Users/jspark/projects/jdk/javax/imageio/spi/ImageWriterSpi.java 440
[sun/security/x509/X500Name.java] is excluded
[sun/security/x509/X500Name.java] is excluded
miss: sun/security/x509/X500Name.java
[sun/misc/VM.java] is excluded
[sun/misc/VM.java] is excluded
miss: sun/misc/VM.java
/Users/jspark/projects/jdk/java/awt/Color.java 1244
/Users/jspark/projects/jdk/java/net/URL.java 1336
/Users/jspark/projects/jdk/java/awt/event/HierarchyEvent.java 337
/Users/jspark/projects/jdk/java/awt/image/DataBufferByte.java 286
/Users/jspark/projects/jdk/java/util/Properties.java 1114
../main/ip/src//boofcv/core/image/border/BorderIndex1D_Wrap.java 35
/Users/jspark/projects/jdk/java/awt/geom/Point2D.java 428
/Users/jspark/projects/jdk/java/awt/BufferCapabilities.java 217
/Users/jspark/projects/jdk/java/util/SimpleTimeZone.java 1706
/Users/jspark/projects/jdk/javax/swing/JFrame.java 940
/Users/jspark/projects/jdk/javax/swing/LegacyGlueFocusTraversalPolicy.java 200
[sun/security/util/ObjectIdentifier.java] is excluded
[sun/security/util/ObjectIdentifier.java] is excluded
miss: sun/security/util/ObjectIdentifier.java
/Users/jspark/projects/jdk/java/awt/event/PaintEvent.java 139
/Users/jspark/projects/jdk/java/util/IllegalFormatCodePointException.java 69
[sun/util/BuddhistCalendar.java] is excluded
[sun/util/BuddhistCalendar.java] is excluded
miss: sun/util/BuddhistCalendar.java
[sun/security/x509/EDIPartyName.java] is excluded
[sun/security/x509/EDIPartyName.java] is excluded
miss: sun/security/x509/EDIPartyName.java
../main/ip/src//boofcv/struct/image/ImageInteger.java 123
[sun/util/calendar/Gregorian.java] is excluded
[sun/util/calendar/Gregorian.java] is excluded
miss: sun/util/calendar/Gregorian.java
/Users/jspark/projects/jdk/java/text/DateFormatSymbols.java 794
/Users/jspark/projects/jdk/java/awt/font/TransformAttribute.java 155
/Users/jspark/projects/jdk/java/text/DigitList.java 715
[sun/security/x509/X509AttributeName.java] is excluded
[sun/security/x509/X509AttributeName.java] is excluded
miss: sun/security/x509/X509AttributeName.java
[sun/text/SupplementaryCharacterData.java] is excluded
[sun/text/SupplementaryCharacterData.java] is excluded
miss: sun/text/SupplementaryCharacterData.java
[sun/security/x509/X509CRLEntryImpl.java] is excluded
[sun/security/x509/X509CRLEntryImpl.java] is excluded
miss: sun/security/x509/X509CRLEntryImpl.java
/Users/jspark/projects/jdk/java/lang/IndexOutOfBoundsException.java 58
/Users/jspark/projects/jdk/java/awt/color/ProfileDataException.java 42
/Users/jspark/projects/jdk/java/awt/image/RasterFormatException.java 44
/Users/jspark/projects/jdk/java/security/SignatureSpi.java 390
[sun/font/FontRunIterator.java] is excluded
[sun/font/FontRunIterator.java] is excluded
miss: sun/font/FontRunIterator.java
../main/ip/src//boofcv/struct/image/ImageUInt16.java 59
/Users/jspark/projects/jdk/java/lang/Double.java 988
/Users/jspark/projects/jdk/java/io/BufferedWriter.java 272
[sun/security/x509/OIDName.java] is excluded
[sun/security/x509/OIDName.java] is excluded
miss: sun/security/x509/OIDName.java
[sun/misc/PerfCounter.java] is excluded
[sun/misc/PerfCounter.java] is excluded
miss: sun/misc/PerfCounter.java
/Users/jspark/projects/jdk/java/util/Calendar.java 2824
/Users/jspark/projects/jdk/javax/imageio/spi/ImageReaderWriterSpi.java 601
/Users/jspark/projects/jdk/java/util/Collections.java 3974
[com/sun/imageio/plugins/gif/GIFImageReader.java] is excluded
[com/sun/imageio/plugins/gif/GIFImageReader.java] is excluded
miss: com/sun/imageio/plugins/gif/GIFImageReader.java
[sun/security/x509/X509CertInfo.java] is excluded
[sun/security/x509/X509CertInfo.java] is excluded
miss: sun/security/x509/X509CertInfo.java
miss: boofcv/gui/ListDisplayPanel.java
/Users/jspark/projects/jdk/java/util/StringTokenizer.java 431
[sun/font/TextRecord.java] is excluded
[sun/font/TextRecord.java] is excluded
miss: sun/font/TextRecord.java
/Users/jspark/projects/jdk/java/text/Normalizer.java 183
[sun/text/normalizer/NormalizerImpl.java] is excluded
[sun/text/normalizer/NormalizerImpl.java] is excluded
miss: sun/text/normalizer/NormalizerImpl.java
/Users/jspark/projects/jdk/javax/imageio/ImageTypeSpecifier.java 1241
[sun/security/jca/GetInstance.java] is excluded
[sun/security/jca/GetInstance.java] is excluded
miss: sun/security/jca/GetInstance.java
/Users/jspark/projects/jdk/javax/imageio/stream/MemoryCacheImageInputStream.java 202
/Users/jspark/projects/jdk/java/lang/ClassLoader.java 2215
[sun/security/validator/EndEntityChecker.java] is excluded
[sun/security/validator/EndEntityChecker.java] is excluded
miss: sun/security/validator/EndEntityChecker.java
[com/sun/imageio/stream/StreamFinalizer.java] is excluded
[com/sun/imageio/stream/StreamFinalizer.java] is excluded
miss: com/sun/imageio/stream/StreamFinalizer.java
[sun/security/x509/NameConstraintsExtension.java] is excluded
[sun/security/x509/NameConstraintsExtension.java] is excluded
miss: sun/security/x509/NameConstraintsExtension.java
/Users/jspark/projects/jdk/java/awt/geom/RoundRectIterator.java 189
/Users/jspark/projects/jdk/javax/swing/Timer.java 645
/Users/jspark/projects/jdk/javax/swing/JViewport.java 1758
/Users/jspark/projects/jdk/java/lang/StringBuilder.java 437
/Users/jspark/projects/jdk/javax/swing/JWindow.java 670
/Users/jspark/projects/jdk/java/util/EnumSet.java 443
/Users/jspark/projects/jdk/java/awt/Container.java 4904
/Users/jspark/projects/jdk/javax/crypto/JceSecurityManager.java 259
/Users/jspark/projects/jdk/javax/swing/SwingUtilities.java 2089
[com/sun/imageio/plugins/jpeg/DQTMarkerSegment.java] is excluded
[com/sun/imageio/plugins/jpeg/DQTMarkerSegment.java] is excluded
miss: com/sun/imageio/plugins/jpeg/DQTMarkerSegment.java
[sun/security/util/BitArray.java] is excluded
[sun/security/util/BitArray.java] is excluded
miss: sun/security/util/BitArray.java
[sun/util/calendar/CalendarUtils.java] is excluded
[sun/util/calendar/CalendarUtils.java] is excluded
miss: sun/util/calendar/CalendarUtils.java
[sun/misc/Service.java] is excluded
[sun/misc/Service.java] is excluded
miss: sun/misc/Service.java
/Users/jspark/projects/jdk/java/util/AbstractSet.java 185
[sun/util/resources/LocaleData.java] is excluded
[sun/util/resources/LocaleData.java] is excluded
miss: sun/util/resources/LocaleData.java
/Users/jspark/projects/jdk/java/util/zip/ZipInputStream.java 456
[sun/awt/SunGraphicsCallback.java] is excluded
[sun/awt/SunGraphicsCallback.java] is excluded
miss: sun/awt/SunGraphicsCallback.java
/Users/jspark/projects/jdk/java/security/cert/PKIXReason.java 77
[sun/text/normalizer/UnicodeSet.java] is excluded
[sun/text/normalizer/UnicodeSet.java] is excluded
miss: sun/text/normalizer/UnicodeSet.java
/Users/jspark/projects/jdk/javax/swing/PopupFactory.java 951
[sun/font/BidiUtils.java] is excluded
[sun/font/BidiUtils.java] is excluded
miss: sun/font/BidiUtils.java
[sun/util/calendar/LocalGregorianCalendar.java] is excluded
[sun/util/calendar/LocalGregorianCalendar.java] is excluded
miss: sun/util/calendar/LocalGregorianCalendar.java
../main/ip/src//boofcv/core/image/GeneralizedImageOps.java 242
/Users/jspark/projects/jdk/java/util/Stack.java 141
/Users/jspark/projects/jdk/javax/swing/ScrollPaneLayout.java 1121
/Users/jspark/projects/jdk/java/io/OutputStream.java 154
[sun/font/GraphicComponent.java] is excluded
[sun/font/GraphicComponent.java] is excluded
miss: sun/font/GraphicComponent.java
[com/sun/imageio/plugins/png/PNGImageWriterSpi.java] is excluded
[com/sun/imageio/plugins/png/PNGImageWriterSpi.java] is excluded
miss: com/sun/imageio/plugins/png/PNGImageWriterSpi.java
/Users/jspark/projects/jdk/javax/imageio/plugins/jpeg/JPEGImageReadParam.java 199
/Users/jspark/projects/jdk/java/lang/AbstractStringBuilder.java 1407
[sun/text/normalizer/Utility.java] is excluded
[sun/text/normalizer/Utility.java] is excluded
miss: sun/text/normalizer/Utility.java
../main/ip/src//boofcv/struct/image/ImageInt8.java 87
[sun/util/ResourceBundleEnumeration.java] is excluded
[sun/util/ResourceBundleEnumeration.java] is excluded
miss: sun/util/ResourceBundleEnumeration.java
[sun/font/TextLabel.java] is excluded
[sun/font/TextLabel.java] is excluded
miss: sun/font/TextLabel.java
/Users/jspark/projects/jdk/java/util/TimeZone.java 920
/Users/jspark/projects/jdk/java/util/concurrent/TimeUnit.java 364
/Users/jspark/projects/jdk/java/awt/Rectangle.java 1216
/Users/jspark/projects/jdk/java/util/regex/PatternSyntaxException.java 124
/Users/jspark/projects/jdk/javax/swing/plaf/metal/MetalLookAndFeel.java 2505
/Users/jspark/projects/jdk/java/nio/charset/CharsetEncoder.java 972
/Users/jspark/projects/jdk/java/awt/geom/IllegalPathStateException.java 56
[sun/font/StandardTextSource.java] is excluded
[sun/font/StandardTextSource.java] is excluded
miss: sun/font/StandardTextSource.java
/Users/jspark/projects/jdk/javax/swing/border/EmptyBorder.java 112
[sun/security/provider/SunEntries.java] is excluded
[sun/security/provider/SunEntries.java] is excluded
miss: sun/security/provider/SunEntries.java
/Users/jspark/projects/jdk/java/security/BasicPermission.java 565
/Users/jspark/projects/jdk/java/lang/CharacterData02.java 391
/Users/jspark/projects/jdk/java/util/AbstractList.java 781
../main/ip/src//boofcv/struct/image/ImageType.java 168
/Users/jspark/projects/jdk/java/lang/Float.java 892
/Users/jspark/projects/jdk/java/awt/Dialog.java 1685
[sun/security/x509/SerialNumber.java] is excluded
[sun/security/x509/SerialNumber.java] is excluded
miss: sun/security/x509/SerialNumber.java
/Users/jspark/projects/jdk/java/util/HashSet.java 312
/Users/jspark/projects/jdk/java/awt/Toolkit.java 2608
[sun/misc/CEFormatException.java] is excluded
[sun/misc/CEFormatException.java] is excluded
miss: sun/misc/CEFormatException.java
/Users/jspark/projects/jdk/java/util/UnknownFormatConversionException.java 68
../main/ip/src//boofcv/testing/BoofTesting.java 1102
[sun/util/locale/Extension.java] is excluded
[sun/util/locale/Extension.java] is excluded
miss: sun/util/locale/Extension.java
../main/ip/src//boofcv/alg/misc/ImageMiscOps.java 1942
/Users/jspark/projects/jdk/javax/swing/ActionMap.java 225
/Users/jspark/projects/jdk/java/awt/ContainerOrderFocusTraversalPolicy.java 580
[sun/misc/URLClassPath.java] is excluded
[sun/misc/URLClassPath.java] is excluded
miss: sun/misc/URLClassPath.java
/Users/jspark/projects/jdk/java/lang/Integer.java 1244
/Users/jspark/projects/jdk/java/security/NoSuchProviderException.java 58
[sun/security/x509/X509Key.java] is excluded
[sun/security/x509/X509Key.java] is excluded
miss: sun/security/x509/X509Key.java
[sun/security/x509/CertificateAlgorithmId.java] is excluded
[sun/security/x509/CertificateAlgorithmId.java] is excluded
miss: sun/security/x509/CertificateAlgorithmId.java
/Users/jspark/projects/jdk/java/awt/Window.java 4098
[sun/security/x509/CertificateVersion.java] is excluded
[sun/security/x509/CertificateVersion.java] is excluded
miss: sun/security/x509/CertificateVersion.java
[sun/security/action/GetPropertyAction.java] is excluded
[sun/security/action/GetPropertyAction.java] is excluded
miss: sun/security/action/GetPropertyAction.java
[sun/swing/ImageIconUIResource.java] is excluded
[sun/swing/ImageIconUIResource.java] is excluded
miss: sun/swing/ImageIconUIResource.java
/Users/jspark/projects/jdk/java/util/DuplicateFormatFlagsException.java 68
[sun/nio/cs/FastCharsetProvider.java] is excluded
[sun/nio/cs/FastCharsetProvider.java] is excluded
miss: sun/nio/cs/FastCharsetProvider.java
[com/sun/imageio/spi/InputStreamImageInputStreamSpi.java] is excluded
[com/sun/imageio/spi/InputStreamImageInputStreamSpi.java] is excluded
miss: com/sun/imageio/spi/InputStreamImageInputStreamSpi.java
/Users/jspark/projects/jdk/java/nio/file/attribute/PosixFilePermission.java 84
/Users/jspark/projects/jdk/java/lang/ConditionalSpecialCasing.java 471
miss: boofcv/gui/image/ImagePanel.java
/Users/jspark/projects/jdk/java/awt/image/ColorConvertOp.java 1109
../main/ip/src//boofcv/struct/image/ImageAccessException.java 42
/Users/jspark/projects/jdk/java/text/StringCharacterIterator.java 279
/Users/jspark/projects/jdk/java/lang/reflect/Proxy.java 666
/Users/jspark/projects/jdk/java/security/Policy.java 863
/Users/jspark/projects/jdk/javax/swing/DefaultListCellRenderer.java 348
/Users/jspark/projects/jdk/javax/swing/DropMode.java 103
/Users/jspark/projects/jdk/javax/swing/ArrayTable.java 342
/Users/jspark/projects/jdk/javax/imageio/spi/ImageInputStreamSpi.java 201
/Users/jspark/projects/jdk/java/awt/font/GlyphVector.java 611
[sun/misc/ASCIICaseInsensitiveComparator.java] is excluded
[sun/misc/ASCIICaseInsensitiveComparator.java] is excluded
miss: sun/misc/ASCIICaseInsensitiveComparator.java
/Users/jspark/projects/jdk/java/lang/ref/PhantomReference.java 83
[sun/awt/im/InputMethodManager.java] is excluded
[sun/awt/im/InputMethodManager.java] is excluded
miss: sun/awt/im/InputMethodManager.java
[sun/misc/JarFilter.java] is excluded
[sun/misc/JarFilter.java] is excluded
miss: sun/misc/JarFilter.java
/Users/jspark/projects/jdk/java/awt/image/ImageFilter.java 258
/Users/jspark/projects/jdk/java/lang/Number.java 112
/Users/jspark/projects/jdk/javax/swing/JPopupMenu.java 1553
[com/sun/imageio/plugins/jpeg/MarkerSegment.java] is excluded
[com/sun/imageio/plugins/jpeg/MarkerSegment.java] is excluded
miss: com/sun/imageio/plugins/jpeg/MarkerSegment.java
[com/sun/imageio/spi/RAFImageOutputStreamSpi.java] is excluded
[com/sun/imageio/spi/RAFImageOutputStreamSpi.java] is excluded
miss: com/sun/imageio/spi/RAFImageOutputStreamSpi.java
/Users/jspark/projects/jdk/java/util/prefs/Preferences.java 1261
[sun/swing/SwingLazyValue.java] is excluded
[sun/swing/SwingLazyValue.java] is excluded
miss: sun/swing/SwingLazyValue.java
/Users/jspark/projects/jdk/java/awt/font/TextAttribute.java 1117
/Users/jspark/projects/jdk/java/lang/Character.java 7032
[sun/security/timestamp/TimestampToken.java] is excluded
[sun/security/timestamp/TimestampToken.java] is excluded
miss: sun/security/timestamp/TimestampToken.java
[sun/util/locale/BaseLocale.java] is excluded
[sun/util/locale/BaseLocale.java] is excluded
miss: sun/util/locale/BaseLocale.java
/Users/jspark/projects/jdk/java/awt/color/ColorSpace.java 611
/Users/jspark/projects/jdk/java/util/AbstractSequentialList.java 253
/Users/jspark/projects/jdk/java/util/AbstractCollection.java 457
/Users/jspark/projects/jdk/javax/swing/DefaultListModel.java 546
[sun/util/calendar/CalendarSystem.java] is excluded
[sun/util/calendar/CalendarSystem.java] is excluded
miss: sun/util/calendar/CalendarSystem.java
/Users/jspark/projects/jdk/java/nio/ReadOnlyBufferException.java 51
[com/sun/imageio/stream/CloseableDisposerRecord.java] is excluded
[com/sun/imageio/stream/CloseableDisposerRecord.java] is excluded
miss: com/sun/imageio/stream/CloseableDisposerRecord.java
[sun/awt/image/IntegerComponentRaster.java] is excluded
[sun/awt/image/IntegerComponentRaster.java] is excluded
miss: sun/awt/image/IntegerComponentRaster.java
/Users/jspark/projects/jdk/java/util/Hashtable.java 1234
/Users/jspark/projects/jdk/java/util/GregorianCalendar.java 3179
[sun/font/FontManagerNativeLibrary.java] is excluded
[sun/font/FontManagerNativeLibrary.java] is excluded
miss: sun/font/FontManagerNativeLibrary.java
/Users/jspark/projects/jdk/java/awt/event/WindowEvent.java 428
[sun/java2d/Disposer.java] is excluded
[sun/java2d/Disposer.java] is excluded
miss: sun/java2d/Disposer.java
/Users/jspark/projects/jdk/java/util/PropertyResourceBundle.java 190
/Users/jspark/projects/jdk/java/net/URISyntaxException.java 135
/Users/jspark/projects/jdk/java/io/FilePermission.java 859
[com/sun/imageio/plugins/wbmp/WBMPImageReader.java] is excluded
[com/sun/imageio/plugins/wbmp/WBMPImageReader.java] is excluded
miss: com/sun/imageio/plugins/wbmp/WBMPImageReader.java
/Users/jspark/projects/jdk/java/awt/color/ICC_ColorSpace.java 616
/Users/jspark/projects/jdk/java/util/ResourceBundle.java 2911
/Users/jspark/projects/jdk/java/lang/CharacterDataLatin1.java 331
/Users/jspark/projects/jdk/java/nio/file/FileSystems.java 405
../main/ip/src//boofcv/alg/misc/GImageMiscOps.java 478
/Users/jspark/projects/jdk/java/util/HashMap.java 1163
/Users/jspark/projects/jdk/javax/swing/AbstractListModel.java 222
/Users/jspark/projects/jdk/java/util/DualPivotQuicksort.java 3018
[sun/security/x509/Extension.java] is excluded
[sun/security/x509/Extension.java] is excluded
miss: sun/security/x509/Extension.java
/Users/jspark/projects/jdk/java/lang/StrictMath.java 1468
/Users/jspark/projects/jdk/java/awt/Event.java 879
[sun/font/StandardGlyphVector.java] is excluded
[sun/font/StandardGlyphVector.java] is excluded
miss: sun/font/StandardGlyphVector.java
/Users/jspark/projects/jdk/java/nio/file/Paths.java 149
/Users/jspark/projects/jdk/java/text/FieldPosition.java 303
/Users/jspark/projects/jdk/java/util/concurrent/locks/LockSupport.java 385
/Users/jspark/projects/jdk/javax/swing/plaf/InputMapUIResource.java 41
/Users/jspark/projects/jdk/java/awt/image/RGBImageFilter.java 292
[sun/reflect/misc/ReflectUtil.java] is excluded
[sun/reflect/misc/ReflectUtil.java] is excluded
miss: sun/reflect/misc/ReflectUtil.java
[com/sun/imageio/plugins/jpeg/SOFMarkerSegment.java] is excluded
[com/sun/imageio/plugins/jpeg/SOFMarkerSegment.java] is excluded
miss: com/sun/imageio/plugins/jpeg/SOFMarkerSegment.java
[sun/font/EAttribute.java] is excluded
[sun/font/EAttribute.java] is excluded
miss: sun/font/EAttribute.java
/Users/jspark/projects/jdk/java/lang/String.java 3103
/Users/jspark/projects/jdk/javax/swing/DefaultBoundedRangeModel.java 423
/Users/jspark/projects/jdk/java/lang/Void.java 49
/Users/jspark/projects/jdk/java/lang/Short.java 468
[com/sun/imageio/plugins/gif/GIFMetadata.java] is excluded
[com/sun/imageio/plugins/gif/GIFMetadata.java] is excluded
miss: com/sun/imageio/plugins/gif/GIFMetadata.java
/Users/jspark/projects/jdk/java/io/FilterOutputStream.java 162
../main/ip/src//boofcv/factory/denoise/FactoryDenoiseWaveletAlg.java 88
../main/ip/src//boofcv/abst/transform/wavelet/impl/WaveletTransformFloat32.java 100
[sun/util/locale/LanguageTag.java] is excluded
[sun/util/locale/LanguageTag.java] is excluded
miss: sun/util/locale/LanguageTag.java
[sun/security/provider/certpath/CertPathHelper.java] is excluded
[sun/security/provider/certpath/CertPathHelper.java] is excluded
miss: sun/security/provider/certpath/CertPathHelper.java
/Users/jspark/projects/jdk/java/lang/Error.java 128
/Users/jspark/projects/jdk/java/security/CodeSource.java 639
[sun/security/x509/GeneralNames.java] is excluded
[sun/security/x509/GeneralNames.java] is excluded
miss: sun/security/x509/GeneralNames.java
[sun/security/x509/KeyUsageExtension.java] is excluded
[sun/security/x509/KeyUsageExtension.java] is excluded
miss: sun/security/x509/KeyUsageExtension.java
[sun/security/x509/AlgorithmId.java] is excluded
[sun/security/x509/AlgorithmId.java] is excluded
miss: sun/security/x509/AlgorithmId.java
/Users/jspark/projects/jdk/javax/crypto/JceSecurity.java 334
/Users/jspark/projects/jdk/java/util/jar/JavaUtilJarAccessImpl.java 63
/Users/jspark/projects/jdk/java/security/KeyFactory.java 474
[sun/font/FontLineMetrics.java] is excluded
[sun/font/FontLineMetrics.java] is excluded
miss: sun/font/FontLineMetrics.java
[sun/security/x509/URIName.java] is excluded
[sun/security/x509/URIName.java] is excluded
miss: sun/security/x509/URIName.java
/Users/jspark/projects/jdk/java/awt/image/SampleModel.java 1507
/Users/jspark/projects/jdk/java/awt/image/Raster.java 1777
[sun/text/normalizer/IntTrie.java] is excluded
[sun/text/normalizer/IntTrie.java] is excluded
miss: sun/text/normalizer/IntTrie.java
/Users/jspark/projects/jdk/java/lang/Object.java 554
/Users/jspark/projects/jdk/java/io/BufferedInputStream.java 478
/Users/jspark/projects/jdk/java/security/ProviderException.java 89
[sun/awt/NativeLibLoader.java] is excluded
[sun/awt/NativeLibLoader.java] is excluded
miss: sun/awt/NativeLibLoader.java
[sun/net/InetAddressCachePolicy.java] is excluded
[sun/net/InetAddressCachePolicy.java] is excluded
miss: sun/net/InetAddressCachePolicy.java
/Users/jspark/projects/jdk/java/lang/IllegalAccessException.java 78
/Users/jspark/projects/jdk/javax/swing/ComponentInputMap.java 118
/Users/jspark/projects/jdk/java/util/concurrent/locks/ReentrantLock.java 770
[sun/security/x509/X509CertImpl.java] is excluded
[sun/security/x509/X509CertImpl.java] is excluded
miss: sun/security/x509/X509CertImpl.java
/Users/jspark/projects/jdk/javax/swing/MultiUIDefaults.java 206
/Users/jspark/projects/jdk/java/security/cert/X509CertSelector.java 2638
/Users/jspark/projects/jdk/javax/swing/plaf/IconUIResource.java 83
/Users/jspark/projects/jdk/java/awt/Font.java 2653
/Users/jspark/projects/jdk/java/util/zip/Inflater.java 402
[sun/security/action/LoadLibraryAction.java] is excluded
[sun/security/action/LoadLibraryAction.java] is excluded
miss: sun/security/action/LoadLibraryAction.java
/Users/jspark/projects/jdk/java/lang/IllegalThreadStateException.java 59
/Users/jspark/projects/jdk/java/util/Random.java 581
/Users/jspark/projects/jdk/java/lang/ApplicationShutdownHooks.java 110
[com/sun/imageio/plugins/bmp/BMPImageReaderSpi.java] is excluded
[com/sun/imageio/plugins/bmp/BMPImageReaderSpi.java] is excluded
miss: com/sun/imageio/plugins/bmp/BMPImageReaderSpi.java
/Users/jspark/projects/jdk/java/net/DefaultInterface.java 41
[sun/text/Normalizer.java] is excluded
[sun/text/Normalizer.java] is excluded
miss: sun/text/Normalizer.java
/Users/jspark/projects/jdk/java/lang/NegativeArraySizeException.java 55
/Users/jspark/projects/jdk/java/lang/RuntimePermission.java 388
/Users/jspark/projects/jdk/java/text/DictionaryBasedBreakIterator.java 514
/Users/jspark/projects/jdk/java/awt/HeadlessException.java 57
[sun/awt/image/ByteInterleavedRaster.java] is excluded
[sun/awt/image/ByteInterleavedRaster.java] is excluded
miss: sun/awt/image/ByteInterleavedRaster.java
/Users/jspark/projects/jdk/java/awt/event/InputEvent.java 527
/Users/jspark/projects/jdk/java/security/NoSuchAlgorithmException.java 89
/Users/jspark/projects/jdk/java/util/ConcurrentModificationException.java 123
[sun/util/calendar/ImmutableGregorianDate.java] is excluded
[sun/util/calendar/ImmutableGregorianDate.java] is excluded
miss: sun/util/calendar/ImmutableGregorianDate.java
/Users/jspark/projects/jdk/java/lang/Long.java 1199
[sun/misc/SharedSecrets.java] is excluded
[sun/misc/SharedSecrets.java] is excluded
miss: sun/misc/SharedSecrets.java
../main/ip/src//boofcv/abst/transform/wavelet/impl/WaveletTransformInt.java 127
/Users/jspark/projects/jdk/java/util/Currency.java 743
[sun/awt/im/CompositionAreaHandler.java] is excluded
[sun/awt/im/CompositionAreaHandler.java] is excluded
miss: sun/awt/im/CompositionAreaHandler.java
/Users/jspark/projects/jdk/java/awt/AWTEvent.java 620
/Users/jspark/projects/jdk/java/awt/image/PackedColorModel.java 486
App: 16988
Lib: 389988
Total: 406976
Miss: 334
./countLOC.sh "ant -Dchord.work.dir=/Users/jspark/projects/r2.large-benchmarks/boofcv/examples/ -Dchord.scope.reuse=true -Dchord.methods.file=/Users/jspark/projects/r2.large-benchmarks/boofcv/examples/chord_output/methods.txt -Dchord.reflect.file=/Users/jspark/projects/r2.large-benchmarks/boofcv/examples/chord_output/reflect.txt -Dchord.check.exclude= -Dchord.run.analyses=cipa-0cfa-dlog,src-files-java run"
