import chord.analyses.expax.*;

public class Simple {

	public B b = new B();
	public int[] k = new int[3];		

	public static void main(String[] args) {
		Simple s = new Simple();
		s.init();
	}
	
	public void init(){
		A a = new A();
		D d = a.b.carr[0].d;
		d.x = 1;
		d.y = 1;
		accept_all(d.x);
		accept_all(d.y);
		precise_all(d.x);
		precise_all(d.y);
	}

	public static int accept_all(int i){return i;}
	public static int precise_all(int i){return i;}
	public static int[] accept_all(int[] i){return i;}
	public static int[] precise_all(int[] i){return i;}
}

class A {
	public B b;
	A(){
		b = new B();
	}
}

class B {
	public C[] carr;
	B(){
		carr = new C[3];
		for(int i=0; i<3; i++)
			carr[i] = new C();
	}
}

class C {
	public D d;
	C(){
		d = new D();
	}
}

class D {
	public int x;
	public int y;
}

